
*** Running vivado
    with args -log vga_test.vds -m64 -product Vivado -mode batch -messageDb vivado.pb -notrace -source vga_test.tcl


ECHO is off.
ECHO is off.

****** Vivado v2023.1 (64-bit)
  **** SW Build 3865809 on Sun May  7 15:05:29 MDT 2023
  **** IP Build 3864474 on Sun May  7 20:36:21 MDT 2023
  **** SharedData Build 3865790 on Sun May 07 13:33:03 MDT 2023
    ** Copyright 1986-2022 Xilinx, Inc. All Rights Reserved.
    ** Copyright 2022-2023 Advanced Micro Devices, Inc. All Rights Reserved.

source vga_test.tcl -notrace
create_project: Time (s): cpu = 00:00:07 ; elapsed = 00:00:11 . Memory (MB): peak = 459.500 ; gain = 186.562
Command: read_checkpoint -auto_incremental -incremental {C:/Users/Tawatwee/Desktop/Hardware Syn Lab/Finalproject/2PlayerPong-HWLAB/2PlayerPong-HWLAB.srcs/utils_1/imports/synth_1/vga_test.dcp}
INFO: [Vivado 12-5825] Read reference checkpoint from C:/Users/Tawatwee/Desktop/Hardware Syn Lab/Finalproject/2PlayerPong-HWLAB/2PlayerPong-HWLAB.srcs/utils_1/imports/synth_1/vga_test.dcp for incremental synthesis
INFO: [Vivado 12-7989] Please ensure there are no constraint changes
Command: synth_design -top vga_test -part xc7a35tcpg236-1
Starting synth_design
Attempting to get a license for feature 'Synthesis' and/or device 'xc7a35t'
INFO: [Common 17-349] Got license for feature 'Synthesis' and/or device 'xc7a35t'
INFO: [Device 21-403] Loading part xc7a35tcpg236-1
INFO: [Designutils 20-5440] No compile time benefit to using incremental synthesis; A full resynthesis will be run
INFO: [Designutils 20-4379] Flow is switching to default flow due to incremental criteria not met. If you would like to alter this behaviour and have the flow terminate instead, please set the following parameter config_implementation {autoIncr.Synth.RejectBehavior Terminate}
INFO: [Synth 8-7079] Multithreading enabled for synth_design using a maximum of 2 processes.
INFO: [Synth 8-7078] Launching helper process for spawning children vivado processes
INFO: [Synth 8-7075] Helper process launched with PID 9672
---------------------------------------------------------------------------------
Starting RTL Elaboration : Time (s): cpu = 00:00:06 ; elapsed = 00:00:08 . Memory (MB): peak = 1276.926 ; gain = 411.234
---------------------------------------------------------------------------------
INFO: [Synth 8-6157] synthesizing module 'vga_test' [C:/Users/Tawatwee/Desktop/Hardware Syn Lab/Finalproject/2PlayerPong-HWLAB/2PlayerPong-HWLAB.srcs/sources_1/new/vga_test.v:1]
INFO: [Synth 8-6157] synthesizing module 'vga_sync' [C:/Users/Tawatwee/Desktop/Hardware Syn Lab/Finalproject/2PlayerPong-HWLAB/2PlayerPong-HWLAB.srcs/sources_1/new/vga_sync.v:1]
INFO: [Synth 8-6155] done synthesizing module 'vga_sync' (0#1) [C:/Users/Tawatwee/Desktop/Hardware Syn Lab/Finalproject/2PlayerPong-HWLAB/2PlayerPong-HWLAB.srcs/sources_1/new/vga_sync.v:1]
INFO: [Synth 8-6157] synthesizing module 'game_vga_controller' [C:/Users/Tawatwee/Desktop/Hardware Syn Lab/Finalproject/2PlayerPong-HWLAB/2PlayerPong-HWLAB.srcs/sources_1/new/game_vga_controller.v:23]
INFO: [Synth 8-6157] synthesizing module 'inScore' [C:/Users/Tawatwee/Desktop/Hardware Syn Lab/Finalproject/2PlayerPong-HWLAB/2PlayerPong-HWLAB.srcs/sources_1/new/inScore.v:23]
INFO: [Synth 8-6157] synthesizing module 'twoDecimalBCDConverter' [C:/Users/Tawatwee/Desktop/Hardware Syn Lab/Finalproject/2PlayerPong-HWLAB/2PlayerPong-HWLAB.srcs/sources_1/new/twoDecimalBCDConverter.v:23]
INFO: [Synth 8-3876] $readmem data file 'twoDecimal_twoBcd.mem' is read successfully [C:/Users/Tawatwee/Desktop/Hardware Syn Lab/Finalproject/2PlayerPong-HWLAB/2PlayerPong-HWLAB.srcs/sources_1/new/twoDecimalBCDConverter.v:36]
INFO: [Synth 8-6155] done synthesizing module 'twoDecimalBCDConverter' (0#1) [C:/Users/Tawatwee/Desktop/Hardware Syn Lab/Finalproject/2PlayerPong-HWLAB/2PlayerPong-HWLAB.srcs/sources_1/new/twoDecimalBCDConverter.v:23]
INFO: [Synth 8-6157] synthesizing module 'sevenSegmentHex' [C:/Users/Tawatwee/Desktop/Hardware Syn Lab/Finalproject/2PlayerPong-HWLAB/2PlayerPong-HWLAB.srcs/sources_1/new/sevenSegmentHex.v:23]
INFO: [Synth 8-6155] done synthesizing module 'sevenSegmentHex' (0#1) [C:/Users/Tawatwee/Desktop/Hardware Syn Lab/Finalproject/2PlayerPong-HWLAB/2PlayerPong-HWLAB.srcs/sources_1/new/sevenSegmentHex.v:23]
WARNING: [Synth 8-567] referenced signal 'outleft1' should be on the sensitivity list [C:/Users/Tawatwee/Desktop/Hardware Syn Lab/Finalproject/2PlayerPong-HWLAB/2PlayerPong-HWLAB.srcs/sources_1/new/inScore.v:47]
WARNING: [Synth 8-567] referenced signal 'outleft2' should be on the sensitivity list [C:/Users/Tawatwee/Desktop/Hardware Syn Lab/Finalproject/2PlayerPong-HWLAB/2PlayerPong-HWLAB.srcs/sources_1/new/inScore.v:47]
WARNING: [Synth 8-567] referenced signal 'outright1' should be on the sensitivity list [C:/Users/Tawatwee/Desktop/Hardware Syn Lab/Finalproject/2PlayerPong-HWLAB/2PlayerPong-HWLAB.srcs/sources_1/new/inScore.v:47]
WARNING: [Synth 8-567] referenced signal 'outright2' should be on the sensitivity list [C:/Users/Tawatwee/Desktop/Hardware Syn Lab/Finalproject/2PlayerPong-HWLAB/2PlayerPong-HWLAB.srcs/sources_1/new/inScore.v:47]
INFO: [Synth 8-6155] done synthesizing module 'inScore' (0#1) [C:/Users/Tawatwee/Desktop/Hardware Syn Lab/Finalproject/2PlayerPong-HWLAB/2PlayerPong-HWLAB.srcs/sources_1/new/inScore.v:23]
INFO: [Synth 8-6157] synthesizing module 'inPaddle' [C:/Users/Tawatwee/Desktop/Hardware Syn Lab/Finalproject/2PlayerPong-HWLAB/2PlayerPong-HWLAB.srcs/sources_1/new/inPaddle.v:23]
WARNING: [Synth 8-567] referenced signal 'paddlewidth' should be on the sensitivity list [C:/Users/Tawatwee/Desktop/Hardware Syn Lab/Finalproject/2PlayerPong-HWLAB/2PlayerPong-HWLAB.srcs/sources_1/new/inPaddle.v:35]
WARNING: [Synth 8-567] referenced signal 'paddlelefty' should be on the sensitivity list [C:/Users/Tawatwee/Desktop/Hardware Syn Lab/Finalproject/2PlayerPong-HWLAB/2PlayerPong-HWLAB.srcs/sources_1/new/inPaddle.v:35]
WARNING: [Synth 8-567] referenced signal 'paddleheight' should be on the sensitivity list [C:/Users/Tawatwee/Desktop/Hardware Syn Lab/Finalproject/2PlayerPong-HWLAB/2PlayerPong-HWLAB.srcs/sources_1/new/inPaddle.v:35]
WARNING: [Synth 8-567] referenced signal 'paddlerighty' should be on the sensitivity list [C:/Users/Tawatwee/Desktop/Hardware Syn Lab/Finalproject/2PlayerPong-HWLAB/2PlayerPong-HWLAB.srcs/sources_1/new/inPaddle.v:35]
INFO: [Synth 8-6155] done synthesizing module 'inPaddle' (0#1) [C:/Users/Tawatwee/Desktop/Hardware Syn Lab/Finalproject/2PlayerPong-HWLAB/2PlayerPong-HWLAB.srcs/sources_1/new/inPaddle.v:23]
INFO: [Synth 8-6157] synthesizing module 'inBall' [C:/Users/Tawatwee/Desktop/Hardware Syn Lab/Finalproject/2PlayerPong-HWLAB/2PlayerPong-HWLAB.srcs/sources_1/new/inBall.v:23]
WARNING: [Synth 8-567] referenced signal 'ballx' should be on the sensitivity list [C:/Users/Tawatwee/Desktop/Hardware Syn Lab/Finalproject/2PlayerPong-HWLAB/2PlayerPong-HWLAB.srcs/sources_1/new/inBall.v:34]
WARNING: [Synth 8-567] referenced signal 'ballsize' should be on the sensitivity list [C:/Users/Tawatwee/Desktop/Hardware Syn Lab/Finalproject/2PlayerPong-HWLAB/2PlayerPong-HWLAB.srcs/sources_1/new/inBall.v:34]
WARNING: [Synth 8-567] referenced signal 'bally' should be on the sensitivity list [C:/Users/Tawatwee/Desktop/Hardware Syn Lab/Finalproject/2PlayerPong-HWLAB/2PlayerPong-HWLAB.srcs/sources_1/new/inBall.v:34]
INFO: [Synth 8-6155] done synthesizing module 'inBall' (0#1) [C:/Users/Tawatwee/Desktop/Hardware Syn Lab/Finalproject/2PlayerPong-HWLAB/2PlayerPong-HWLAB.srcs/sources_1/new/inBall.v:23]
INFO: [Synth 8-6157] synthesizing module 'bgGenerator' [C:/Users/Tawatwee/Desktop/Hardware Syn Lab/Finalproject/2PlayerPong-HWLAB/2PlayerPong-HWLAB.srcs/sources_1/new/bgGenerator.v:23]
INFO: [Synth 8-3876] $readmem data file 'color_idx_pixels.mem' is read successfully [C:/Users/Tawatwee/Desktop/Hardware Syn Lab/Finalproject/2PlayerPong-HWLAB/2PlayerPong-HWLAB.srcs/sources_1/new/bgGenerator.v:35]
INFO: [Synth 8-3876] $readmem data file 'colors.mem' is read successfully [C:/Users/Tawatwee/Desktop/Hardware Syn Lab/Finalproject/2PlayerPong-HWLAB/2PlayerPong-HWLAB.srcs/sources_1/new/bgGenerator.v:36]
INFO: [Synth 8-6155] done synthesizing module 'bgGenerator' (0#1) [C:/Users/Tawatwee/Desktop/Hardware Syn Lab/Finalproject/2PlayerPong-HWLAB/2PlayerPong-HWLAB.srcs/sources_1/new/bgGenerator.v:23]
WARNING: [Synth 8-567] referenced signal 'checkInScore_withrgb' should be on the sensitivity list [C:/Users/Tawatwee/Desktop/Hardware Syn Lab/Finalproject/2PlayerPong-HWLAB/2PlayerPong-HWLAB.srcs/sources_1/new/game_vga_controller.v:53]
WARNING: [Synth 8-567] referenced signal 'checkInPaddle_withrgb' should be on the sensitivity list [C:/Users/Tawatwee/Desktop/Hardware Syn Lab/Finalproject/2PlayerPong-HWLAB/2PlayerPong-HWLAB.srcs/sources_1/new/game_vga_controller.v:53]
WARNING: [Synth 8-567] referenced signal 'checkInBall_withrgb' should be on the sensitivity list [C:/Users/Tawatwee/Desktop/Hardware Syn Lab/Finalproject/2PlayerPong-HWLAB/2PlayerPong-HWLAB.srcs/sources_1/new/game_vga_controller.v:53]
WARNING: [Synth 8-567] referenced signal 'bg_rgb' should be on the sensitivity list [C:/Users/Tawatwee/Desktop/Hardware Syn Lab/Finalproject/2PlayerPong-HWLAB/2PlayerPong-HWLAB.srcs/sources_1/new/game_vga_controller.v:53]
INFO: [Synth 8-6155] done synthesizing module 'game_vga_controller' (0#1) [C:/Users/Tawatwee/Desktop/Hardware Syn Lab/Finalproject/2PlayerPong-HWLAB/2PlayerPong-HWLAB.srcs/sources_1/new/game_vga_controller.v:23]
INFO: [Synth 8-6155] done synthesizing module 'vga_test' (0#1) [C:/Users/Tawatwee/Desktop/Hardware Syn Lab/Finalproject/2PlayerPong-HWLAB/2PlayerPong-HWLAB.srcs/sources_1/new/vga_test.v:1]
WARNING: [Synth 8-7129] Port p_tick in module game_vga_controller is either unconnected or has no load
WARNING: [Synth 8-7129] Port clk in module game_vga_controller is either unconnected or has no load
---------------------------------------------------------------------------------
Finished RTL Elaboration : Time (s): cpu = 00:00:10 ; elapsed = 00:00:14 . Memory (MB): peak = 1607.574 ; gain = 741.883
---------------------------------------------------------------------------------
---------------------------------------------------------------------------------
Start Handling Custom Attributes
---------------------------------------------------------------------------------
---------------------------------------------------------------------------------
Finished Handling Custom Attributes : Time (s): cpu = 00:00:10 ; elapsed = 00:00:14 . Memory (MB): peak = 1607.574 ; gain = 741.883
---------------------------------------------------------------------------------
---------------------------------------------------------------------------------
Finished RTL Optimization Phase 1 : Time (s): cpu = 00:00:10 ; elapsed = 00:00:14 . Memory (MB): peak = 1607.574 ; gain = 741.883
---------------------------------------------------------------------------------
Netlist sorting complete. Time (s): cpu = 00:00:00 ; elapsed = 00:00:00.020 . Memory (MB): peak = 1607.574 ; gain = 0.000
INFO: [Project 1-570] Preparing netlist for logic optimization

Processing XDC Constraints
Initializing timing engine
Parsing XDC File [C:/Users/Tawatwee/Desktop/Hardware Syn Lab/Finalproject/2PlayerPong-HWLAB/2PlayerPong-HWLAB.srcs/constrs_1/imports/Hardware Syn Lab/Basys-3-Master.xdc]
WARNING: [Vivado 12-584] No ports matched 'sw[0]'. [C:/Users/Tawatwee/Desktop/Hardware Syn Lab/Finalproject/2PlayerPong-HWLAB/2PlayerPong-HWLAB.srcs/constrs_1/imports/Hardware Syn Lab/Basys-3-Master.xdc:12]
CRITICAL WARNING: [Common 17-55] 'set_property' expects at least one object. [C:/Users/Tawatwee/Desktop/Hardware Syn Lab/Finalproject/2PlayerPong-HWLAB/2PlayerPong-HWLAB.srcs/constrs_1/imports/Hardware Syn Lab/Basys-3-Master.xdc:12]
Resolution: If [get_<value>] was used to populate the object, check to make sure this command returns at least one valid object.
WARNING: [Vivado 12-584] No ports matched 'sw[0]'. [C:/Users/Tawatwee/Desktop/Hardware Syn Lab/Finalproject/2PlayerPong-HWLAB/2PlayerPong-HWLAB.srcs/constrs_1/imports/Hardware Syn Lab/Basys-3-Master.xdc:13]
CRITICAL WARNING: [Common 17-55] 'set_property' expects at least one object. [C:/Users/Tawatwee/Desktop/Hardware Syn Lab/Finalproject/2PlayerPong-HWLAB/2PlayerPong-HWLAB.srcs/constrs_1/imports/Hardware Syn Lab/Basys-3-Master.xdc:13]
Resolution: If [get_<value>] was used to populate the object, check to make sure this command returns at least one valid object.
WARNING: [Vivado 12-584] No ports matched 'sw[1]'. [C:/Users/Tawatwee/Desktop/Hardware Syn Lab/Finalproject/2PlayerPong-HWLAB/2PlayerPong-HWLAB.srcs/constrs_1/imports/Hardware Syn Lab/Basys-3-Master.xdc:14]
CRITICAL WARNING: [Common 17-55] 'set_property' expects at least one object. [C:/Users/Tawatwee/Desktop/Hardware Syn Lab/Finalproject/2PlayerPong-HWLAB/2PlayerPong-HWLAB.srcs/constrs_1/imports/Hardware Syn Lab/Basys-3-Master.xdc:14]
Resolution: If [get_<value>] was used to populate the object, check to make sure this command returns at least one valid object.
WARNING: [Vivado 12-584] No ports matched 'sw[1]'. [C:/Users/Tawatwee/Desktop/Hardware Syn Lab/Finalproject/2PlayerPong-HWLAB/2PlayerPong-HWLAB.srcs/constrs_1/imports/Hardware Syn Lab/Basys-3-Master.xdc:15]
CRITICAL WARNING: [Common 17-55] 'set_property' expects at least one object. [C:/Users/Tawatwee/Desktop/Hardware Syn Lab/Finalproject/2PlayerPong-HWLAB/2PlayerPong-HWLAB.srcs/constrs_1/imports/Hardware Syn Lab/Basys-3-Master.xdc:15]
Resolution: If [get_<value>] was used to populate the object, check to make sure this command returns at least one valid object.
WARNING: [Vivado 12-584] No ports matched 'sw[2]'. [C:/Users/Tawatwee/Desktop/Hardware Syn Lab/Finalproject/2PlayerPong-HWLAB/2PlayerPong-HWLAB.srcs/constrs_1/imports/Hardware Syn Lab/Basys-3-Master.xdc:16]
CRITICAL WARNING: [Common 17-55] 'set_property' expects at least one object. [C:/Users/Tawatwee/Desktop/Hardware Syn Lab/Finalproject/2PlayerPong-HWLAB/2PlayerPong-HWLAB.srcs/constrs_1/imports/Hardware Syn Lab/Basys-3-Master.xdc:16]
Resolution: If [get_<value>] was used to populate the object, check to make sure this command returns at least one valid object.
WARNING: [Vivado 12-584] No ports matched 'sw[2]'. [C:/Users/Tawatwee/Desktop/Hardware Syn Lab/Finalproject/2PlayerPong-HWLAB/2PlayerPong-HWLAB.srcs/constrs_1/imports/Hardware Syn Lab/Basys-3-Master.xdc:17]
CRITICAL WARNING: [Common 17-55] 'set_property' expects at least one object. [C:/Users/Tawatwee/Desktop/Hardware Syn Lab/Finalproject/2PlayerPong-HWLAB/2PlayerPong-HWLAB.srcs/constrs_1/imports/Hardware Syn Lab/Basys-3-Master.xdc:17]
Resolution: If [get_<value>] was used to populate the object, check to make sure this command returns at least one valid object.
WARNING: [Vivado 12-584] No ports matched 'sw[3]'. [C:/Users/Tawatwee/Desktop/Hardware Syn Lab/Finalproject/2PlayerPong-HWLAB/2PlayerPong-HWLAB.srcs/constrs_1/imports/Hardware Syn Lab/Basys-3-Master.xdc:18]
CRITICAL WARNING: [Common 17-55] 'set_property' expects at least one object. [C:/Users/Tawatwee/Desktop/Hardware Syn Lab/Finalproject/2PlayerPong-HWLAB/2PlayerPong-HWLAB.srcs/constrs_1/imports/Hardware Syn Lab/Basys-3-Master.xdc:18]
Resolution: If [get_<value>] was used to populate the object, check to make sure this command returns at least one valid object.
WARNING: [Vivado 12-584] No ports matched 'sw[3]'. [C:/Users/Tawatwee/Desktop/Hardware Syn Lab/Finalproject/2PlayerPong-HWLAB/2PlayerPong-HWLAB.srcs/constrs_1/imports/Hardware Syn Lab/Basys-3-Master.xdc:19]
CRITICAL WARNING: [Common 17-55] 'set_property' expects at least one object. [C:/Users/Tawatwee/Desktop/Hardware Syn Lab/Finalproject/2PlayerPong-HWLAB/2PlayerPong-HWLAB.srcs/constrs_1/imports/Hardware Syn Lab/Basys-3-Master.xdc:19]
Resolution: If [get_<value>] was used to populate the object, check to make sure this command returns at least one valid object.
WARNING: [Vivado 12-584] No ports matched 'sw[4]'. [C:/Users/Tawatwee/Desktop/Hardware Syn Lab/Finalproject/2PlayerPong-HWLAB/2PlayerPong-HWLAB.srcs/constrs_1/imports/Hardware Syn Lab/Basys-3-Master.xdc:20]
CRITICAL WARNING: [Common 17-55] 'set_property' expects at least one object. [C:/Users/Tawatwee/Desktop/Hardware Syn Lab/Finalproject/2PlayerPong-HWLAB/2PlayerPong-HWLAB.srcs/constrs_1/imports/Hardware Syn Lab/Basys-3-Master.xdc:20]
Resolution: If [get_<value>] was used to populate the object, check to make sure this command returns at least one valid object.
WARNING: [Vivado 12-584] No ports matched 'sw[4]'. [C:/Users/Tawatwee/Desktop/Hardware Syn Lab/Finalproject/2PlayerPong-HWLAB/2PlayerPong-HWLAB.srcs/constrs_1/imports/Hardware Syn Lab/Basys-3-Master.xdc:21]
CRITICAL WARNING: [Common 17-55] 'set_property' expects at least one object. [C:/Users/Tawatwee/Desktop/Hardware Syn Lab/Finalproject/2PlayerPong-HWLAB/2PlayerPong-HWLAB.srcs/constrs_1/imports/Hardware Syn Lab/Basys-3-Master.xdc:21]
Resolution: If [get_<value>] was used to populate the object, check to make sure this command returns at least one valid object.
WARNING: [Vivado 12-584] No ports matched 'sw[5]'. [C:/Users/Tawatwee/Desktop/Hardware Syn Lab/Finalproject/2PlayerPong-HWLAB/2PlayerPong-HWLAB.srcs/constrs_1/imports/Hardware Syn Lab/Basys-3-Master.xdc:22]
CRITICAL WARNING: [Common 17-55] 'set_property' expects at least one object. [C:/Users/Tawatwee/Desktop/Hardware Syn Lab/Finalproject/2PlayerPong-HWLAB/2PlayerPong-HWLAB.srcs/constrs_1/imports/Hardware Syn Lab/Basys-3-Master.xdc:22]
Resolution: If [get_<value>] was used to populate the object, check to make sure this command returns at least one valid object.
WARNING: [Vivado 12-584] No ports matched 'sw[5]'. [C:/Users/Tawatwee/Desktop/Hardware Syn Lab/Finalproject/2PlayerPong-HWLAB/2PlayerPong-HWLAB.srcs/constrs_1/imports/Hardware Syn Lab/Basys-3-Master.xdc:23]
CRITICAL WARNING: [Common 17-55] 'set_property' expects at least one object. [C:/Users/Tawatwee/Desktop/Hardware Syn Lab/Finalproject/2PlayerPong-HWLAB/2PlayerPong-HWLAB.srcs/constrs_1/imports/Hardware Syn Lab/Basys-3-Master.xdc:23]
Resolution: If [get_<value>] was used to populate the object, check to make sure this command returns at least one valid object.
WARNING: [Vivado 12-584] No ports matched 'sw[6]'. [C:/Users/Tawatwee/Desktop/Hardware Syn Lab/Finalproject/2PlayerPong-HWLAB/2PlayerPong-HWLAB.srcs/constrs_1/imports/Hardware Syn Lab/Basys-3-Master.xdc:24]
CRITICAL WARNING: [Common 17-55] 'set_property' expects at least one object. [C:/Users/Tawatwee/Desktop/Hardware Syn Lab/Finalproject/2PlayerPong-HWLAB/2PlayerPong-HWLAB.srcs/constrs_1/imports/Hardware Syn Lab/Basys-3-Master.xdc:24]
Resolution: If [get_<value>] was used to populate the object, check to make sure this command returns at least one valid object.
WARNING: [Vivado 12-584] No ports matched 'sw[6]'. [C:/Users/Tawatwee/Desktop/Hardware Syn Lab/Finalproject/2PlayerPong-HWLAB/2PlayerPong-HWLAB.srcs/constrs_1/imports/Hardware Syn Lab/Basys-3-Master.xdc:25]
CRITICAL WARNING: [Common 17-55] 'set_property' expects at least one object. [C:/Users/Tawatwee/Desktop/Hardware Syn Lab/Finalproject/2PlayerPong-HWLAB/2PlayerPong-HWLAB.srcs/constrs_1/imports/Hardware Syn Lab/Basys-3-Master.xdc:25]
Resolution: If [get_<value>] was used to populate the object, check to make sure this command returns at least one valid object.
WARNING: [Vivado 12-584] No ports matched 'sw[7]'. [C:/Users/Tawatwee/Desktop/Hardware Syn Lab/Finalproject/2PlayerPong-HWLAB/2PlayerPong-HWLAB.srcs/constrs_1/imports/Hardware Syn Lab/Basys-3-Master.xdc:26]
CRITICAL WARNING: [Common 17-55] 'set_property' expects at least one object. [C:/Users/Tawatwee/Desktop/Hardware Syn Lab/Finalproject/2PlayerPong-HWLAB/2PlayerPong-HWLAB.srcs/constrs_1/imports/Hardware Syn Lab/Basys-3-Master.xdc:26]
Resolution: If [get_<value>] was used to populate the object, check to make sure this command returns at least one valid object.
WARNING: [Vivado 12-584] No ports matched 'sw[7]'. [C:/Users/Tawatwee/Desktop/Hardware Syn Lab/Finalproject/2PlayerPong-HWLAB/2PlayerPong-HWLAB.srcs/constrs_1/imports/Hardware Syn Lab/Basys-3-Master.xdc:27]
CRITICAL WARNING: [Common 17-55] 'set_property' expects at least one object. [C:/Users/Tawatwee/Desktop/Hardware Syn Lab/Finalproject/2PlayerPong-HWLAB/2PlayerPong-HWLAB.srcs/constrs_1/imports/Hardware Syn Lab/Basys-3-Master.xdc:27]
Resolution: If [get_<value>] was used to populate the object, check to make sure this command returns at least one valid object.
WARNING: [Vivado 12-584] No ports matched 'sw[8]'. [C:/Users/Tawatwee/Desktop/Hardware Syn Lab/Finalproject/2PlayerPong-HWLAB/2PlayerPong-HWLAB.srcs/constrs_1/imports/Hardware Syn Lab/Basys-3-Master.xdc:28]
CRITICAL WARNING: [Common 17-55] 'set_property' expects at least one object. [C:/Users/Tawatwee/Desktop/Hardware Syn Lab/Finalproject/2PlayerPong-HWLAB/2PlayerPong-HWLAB.srcs/constrs_1/imports/Hardware Syn Lab/Basys-3-Master.xdc:28]
Resolution: If [get_<value>] was used to populate the object, check to make sure this command returns at least one valid object.
WARNING: [Vivado 12-584] No ports matched 'sw[8]'. [C:/Users/Tawatwee/Desktop/Hardware Syn Lab/Finalproject/2PlayerPong-HWLAB/2PlayerPong-HWLAB.srcs/constrs_1/imports/Hardware Syn Lab/Basys-3-Master.xdc:29]
CRITICAL WARNING: [Common 17-55] 'set_property' expects at least one object. [C:/Users/Tawatwee/Desktop/Hardware Syn Lab/Finalproject/2PlayerPong-HWLAB/2PlayerPong-HWLAB.srcs/constrs_1/imports/Hardware Syn Lab/Basys-3-Master.xdc:29]
Resolution: If [get_<value>] was used to populate the object, check to make sure this command returns at least one valid object.
WARNING: [Vivado 12-584] No ports matched 'sw[9]'. [C:/Users/Tawatwee/Desktop/Hardware Syn Lab/Finalproject/2PlayerPong-HWLAB/2PlayerPong-HWLAB.srcs/constrs_1/imports/Hardware Syn Lab/Basys-3-Master.xdc:30]
CRITICAL WARNING: [Common 17-55] 'set_property' expects at least one object. [C:/Users/Tawatwee/Desktop/Hardware Syn Lab/Finalproject/2PlayerPong-HWLAB/2PlayerPong-HWLAB.srcs/constrs_1/imports/Hardware Syn Lab/Basys-3-Master.xdc:30]
Resolution: If [get_<value>] was used to populate the object, check to make sure this command returns at least one valid object.
WARNING: [Vivado 12-584] No ports matched 'sw[9]'. [C:/Users/Tawatwee/Desktop/Hardware Syn Lab/Finalproject/2PlayerPong-HWLAB/2PlayerPong-HWLAB.srcs/constrs_1/imports/Hardware Syn Lab/Basys-3-Master.xdc:31]
CRITICAL WARNING: [Common 17-55] 'set_property' expects at least one object. [C:/Users/Tawatwee/Desktop/Hardware Syn Lab/Finalproject/2PlayerPong-HWLAB/2PlayerPong-HWLAB.srcs/constrs_1/imports/Hardware Syn Lab/Basys-3-Master.xdc:31]
Resolution: If [get_<value>] was used to populate the object, check to make sure this command returns at least one valid object.
WARNING: [Vivado 12-584] No ports matched 'sw[10]'. [C:/Users/Tawatwee/Desktop/Hardware Syn Lab/Finalproject/2PlayerPong-HWLAB/2PlayerPong-HWLAB.srcs/constrs_1/imports/Hardware Syn Lab/Basys-3-Master.xdc:32]
CRITICAL WARNING: [Common 17-55] 'set_property' expects at least one object. [C:/Users/Tawatwee/Desktop/Hardware Syn Lab/Finalproject/2PlayerPong-HWLAB/2PlayerPong-HWLAB.srcs/constrs_1/imports/Hardware Syn Lab/Basys-3-Master.xdc:32]
Resolution: If [get_<value>] was used to populate the object, check to make sure this command returns at least one valid object.
WARNING: [Vivado 12-584] No ports matched 'sw[10]'. [C:/Users/Tawatwee/Desktop/Hardware Syn Lab/Finalproject/2PlayerPong-HWLAB/2PlayerPong-HWLAB.srcs/constrs_1/imports/Hardware Syn Lab/Basys-3-Master.xdc:33]
CRITICAL WARNING: [Common 17-55] 'set_property' expects at least one object. [C:/Users/Tawatwee/Desktop/Hardware Syn Lab/Finalproject/2PlayerPong-HWLAB/2PlayerPong-HWLAB.srcs/constrs_1/imports/Hardware Syn Lab/Basys-3-Master.xdc:33]
Resolution: If [get_<value>] was used to populate the object, check to make sure this command returns at least one valid object.
WARNING: [Vivado 12-584] No ports matched 'sw[11]'. [C:/Users/Tawatwee/Desktop/Hardware Syn Lab/Finalproject/2PlayerPong-HWLAB/2PlayerPong-HWLAB.srcs/constrs_1/imports/Hardware Syn Lab/Basys-3-Master.xdc:34]
CRITICAL WARNING: [Common 17-55] 'set_property' expects at least one object. [C:/Users/Tawatwee/Desktop/Hardware Syn Lab/Finalproject/2PlayerPong-HWLAB/2PlayerPong-HWLAB.srcs/constrs_1/imports/Hardware Syn Lab/Basys-3-Master.xdc:34]
Resolution: If [get_<value>] was used to populate the object, check to make sure this command returns at least one valid object.
WARNING: [Vivado 12-584] No ports matched 'sw[11]'. [C:/Users/Tawatwee/Desktop/Hardware Syn Lab/Finalproject/2PlayerPong-HWLAB/2PlayerPong-HWLAB.srcs/constrs_1/imports/Hardware Syn Lab/Basys-3-Master.xdc:35]
CRITICAL WARNING: [Common 17-55] 'set_property' expects at least one object. [C:/Users/Tawatwee/Desktop/Hardware Syn Lab/Finalproject/2PlayerPong-HWLAB/2PlayerPong-HWLAB.srcs/constrs_1/imports/Hardware Syn Lab/Basys-3-Master.xdc:35]
Resolution: If [get_<value>] was used to populate the object, check to make sure this command returns at least one valid object.
WARNING: [Vivado 12-584] No ports matched 'sw[12]'. [C:/Users/Tawatwee/Desktop/Hardware Syn Lab/Finalproject/2PlayerPong-HWLAB/2PlayerPong-HWLAB.srcs/constrs_1/imports/Hardware Syn Lab/Basys-3-Master.xdc:36]
CRITICAL WARNING: [Common 17-55] 'set_property' expects at least one object. [C:/Users/Tawatwee/Desktop/Hardware Syn Lab/Finalproject/2PlayerPong-HWLAB/2PlayerPong-HWLAB.srcs/constrs_1/imports/Hardware Syn Lab/Basys-3-Master.xdc:36]
Resolution: If [get_<value>] was used to populate the object, check to make sure this command returns at least one valid object.
WARNING: [Vivado 12-584] No ports matched 'sw[12]'. [C:/Users/Tawatwee/Desktop/Hardware Syn Lab/Finalproject/2PlayerPong-HWLAB/2PlayerPong-HWLAB.srcs/constrs_1/imports/Hardware Syn Lab/Basys-3-Master.xdc:37]
CRITICAL WARNING: [Common 17-55] 'set_property' expects at least one object. [C:/Users/Tawatwee/Desktop/Hardware Syn Lab/Finalproject/2PlayerPong-HWLAB/2PlayerPong-HWLAB.srcs/constrs_1/imports/Hardware Syn Lab/Basys-3-Master.xdc:37]
Resolution: If [get_<value>] was used to populate the object, check to make sure this command returns at least one valid object.
WARNING: [Vivado 12-584] No ports matched 'sw[13]'. [C:/Users/Tawatwee/Desktop/Hardware Syn Lab/Finalproject/2PlayerPong-HWLAB/2PlayerPong-HWLAB.srcs/constrs_1/imports/Hardware Syn Lab/Basys-3-Master.xdc:38]
CRITICAL WARNING: [Common 17-55] 'set_property' expects at least one object. [C:/Users/Tawatwee/Desktop/Hardware Syn Lab/Finalproject/2PlayerPong-HWLAB/2PlayerPong-HWLAB.srcs/constrs_1/imports/Hardware Syn Lab/Basys-3-Master.xdc:38]
Resolution: If [get_<value>] was used to populate the object, check to make sure this command returns at least one valid object.
WARNING: [Vivado 12-584] No ports matched 'sw[13]'. [C:/Users/Tawatwee/Desktop/Hardware Syn Lab/Finalproject/2PlayerPong-HWLAB/2PlayerPong-HWLAB.srcs/constrs_1/imports/Hardware Syn Lab/Basys-3-Master.xdc:39]
CRITICAL WARNING: [Common 17-55] 'set_property' expects at least one object. [C:/Users/Tawatwee/Desktop/Hardware Syn Lab/Finalproject/2PlayerPong-HWLAB/2PlayerPong-HWLAB.srcs/constrs_1/imports/Hardware Syn Lab/Basys-3-Master.xdc:39]
Resolution: If [get_<value>] was used to populate the object, check to make sure this command returns at least one valid object.
WARNING: [Vivado 12-584] No ports matched 'sw[14]'. [C:/Users/Tawatwee/Desktop/Hardware Syn Lab/Finalproject/2PlayerPong-HWLAB/2PlayerPong-HWLAB.srcs/constrs_1/imports/Hardware Syn Lab/Basys-3-Master.xdc:40]
CRITICAL WARNING: [Common 17-55] 'set_property' expects at least one object. [C:/Users/Tawatwee/Desktop/Hardware Syn Lab/Finalproject/2PlayerPong-HWLAB/2PlayerPong-HWLAB.srcs/constrs_1/imports/Hardware Syn Lab/Basys-3-Master.xdc:40]
Resolution: If [get_<value>] was used to populate the object, check to make sure this command returns at least one valid object.
WARNING: [Vivado 12-584] No ports matched 'sw[14]'. [C:/Users/Tawatwee/Desktop/Hardware Syn Lab/Finalproject/2PlayerPong-HWLAB/2PlayerPong-HWLAB.srcs/constrs_1/imports/Hardware Syn Lab/Basys-3-Master.xdc:41]
CRITICAL WARNING: [Common 17-55] 'set_property' expects at least one object. [C:/Users/Tawatwee/Desktop/Hardware Syn Lab/Finalproject/2PlayerPong-HWLAB/2PlayerPong-HWLAB.srcs/constrs_1/imports/Hardware Syn Lab/Basys-3-Master.xdc:41]
Resolution: If [get_<value>] was used to populate the object, check to make sure this command returns at least one valid object.
WARNING: [Vivado 12-584] No ports matched 'sw[15]'. [C:/Users/Tawatwee/Desktop/Hardware Syn Lab/Finalproject/2PlayerPong-HWLAB/2PlayerPong-HWLAB.srcs/constrs_1/imports/Hardware Syn Lab/Basys-3-Master.xdc:42]
CRITICAL WARNING: [Common 17-55] 'set_property' expects at least one object. [C:/Users/Tawatwee/Desktop/Hardware Syn Lab/Finalproject/2PlayerPong-HWLAB/2PlayerPong-HWLAB.srcs/constrs_1/imports/Hardware Syn Lab/Basys-3-Master.xdc:42]
Resolution: If [get_<value>] was used to populate the object, check to make sure this command returns at least one valid object.
WARNING: [Vivado 12-584] No ports matched 'sw[15]'. [C:/Users/Tawatwee/Desktop/Hardware Syn Lab/Finalproject/2PlayerPong-HWLAB/2PlayerPong-HWLAB.srcs/constrs_1/imports/Hardware Syn Lab/Basys-3-Master.xdc:43]
CRITICAL WARNING: [Common 17-55] 'set_property' expects at least one object. [C:/Users/Tawatwee/Desktop/Hardware Syn Lab/Finalproject/2PlayerPong-HWLAB/2PlayerPong-HWLAB.srcs/constrs_1/imports/Hardware Syn Lab/Basys-3-Master.xdc:43]
Resolution: If [get_<value>] was used to populate the object, check to make sure this command returns at least one valid object.
WARNING: [Vivado 12-584] No ports matched 'seg[0]'. [C:/Users/Tawatwee/Desktop/Hardware Syn Lab/Finalproject/2PlayerPong-HWLAB/2PlayerPong-HWLAB.srcs/constrs_1/imports/Hardware Syn Lab/Basys-3-Master.xdc:82]
CRITICAL WARNING: [Common 17-55] 'set_property' expects at least one object. [C:/Users/Tawatwee/Desktop/Hardware Syn Lab/Finalproject/2PlayerPong-HWLAB/2PlayerPong-HWLAB.srcs/constrs_1/imports/Hardware Syn Lab/Basys-3-Master.xdc:82]
Resolution: If [get_<value>] was used to populate the object, check to make sure this command returns at least one valid object.
WARNING: [Vivado 12-584] No ports matched 'seg[0]'. [C:/Users/Tawatwee/Desktop/Hardware Syn Lab/Finalproject/2PlayerPong-HWLAB/2PlayerPong-HWLAB.srcs/constrs_1/imports/Hardware Syn Lab/Basys-3-Master.xdc:83]
CRITICAL WARNING: [Common 17-55] 'set_property' expects at least one object. [C:/Users/Tawatwee/Desktop/Hardware Syn Lab/Finalproject/2PlayerPong-HWLAB/2PlayerPong-HWLAB.srcs/constrs_1/imports/Hardware Syn Lab/Basys-3-Master.xdc:83]
Resolution: If [get_<value>] was used to populate the object, check to make sure this command returns at least one valid object.
WARNING: [Vivado 12-584] No ports matched 'seg[1]'. [C:/Users/Tawatwee/Desktop/Hardware Syn Lab/Finalproject/2PlayerPong-HWLAB/2PlayerPong-HWLAB.srcs/constrs_1/imports/Hardware Syn Lab/Basys-3-Master.xdc:84]
CRITICAL WARNING: [Common 17-55] 'set_property' expects at least one object. [C:/Users/Tawatwee/Desktop/Hardware Syn Lab/Finalproject/2PlayerPong-HWLAB/2PlayerPong-HWLAB.srcs/constrs_1/imports/Hardware Syn Lab/Basys-3-Master.xdc:84]
Resolution: If [get_<value>] was used to populate the object, check to make sure this command returns at least one valid object.
WARNING: [Vivado 12-584] No ports matched 'seg[1]'. [C:/Users/Tawatwee/Desktop/Hardware Syn Lab/Finalproject/2PlayerPong-HWLAB/2PlayerPong-HWLAB.srcs/constrs_1/imports/Hardware Syn Lab/Basys-3-Master.xdc:85]
CRITICAL WARNING: [Common 17-55] 'set_property' expects at least one object. [C:/Users/Tawatwee/Desktop/Hardware Syn Lab/Finalproject/2PlayerPong-HWLAB/2PlayerPong-HWLAB.srcs/constrs_1/imports/Hardware Syn Lab/Basys-3-Master.xdc:85]
Resolution: If [get_<value>] was used to populate the object, check to make sure this command returns at least one valid object.
WARNING: [Vivado 12-584] No ports matched 'seg[2]'. [C:/Users/Tawatwee/Desktop/Hardware Syn Lab/Finalproject/2PlayerPong-HWLAB/2PlayerPong-HWLAB.srcs/constrs_1/imports/Hardware Syn Lab/Basys-3-Master.xdc:86]
CRITICAL WARNING: [Common 17-55] 'set_property' expects at least one object. [C:/Users/Tawatwee/Desktop/Hardware Syn Lab/Finalproject/2PlayerPong-HWLAB/2PlayerPong-HWLAB.srcs/constrs_1/imports/Hardware Syn Lab/Basys-3-Master.xdc:86]
Resolution: If [get_<value>] was used to populate the object, check to make sure this command returns at least one valid object.
WARNING: [Vivado 12-584] No ports matched 'seg[2]'. [C:/Users/Tawatwee/Desktop/Hardware Syn Lab/Finalproject/2PlayerPong-HWLAB/2PlayerPong-HWLAB.srcs/constrs_1/imports/Hardware Syn Lab/Basys-3-Master.xdc:87]
CRITICAL WARNING: [Common 17-55] 'set_property' expects at least one object. [C:/Users/Tawatwee/Desktop/Hardware Syn Lab/Finalproject/2PlayerPong-HWLAB/2PlayerPong-HWLAB.srcs/constrs_1/imports/Hardware Syn Lab/Basys-3-Master.xdc:87]
Resolution: If [get_<value>] was used to populate the object, check to make sure this command returns at least one valid object.
WARNING: [Vivado 12-584] No ports matched 'seg[3]'. [C:/Users/Tawatwee/Desktop/Hardware Syn Lab/Finalproject/2PlayerPong-HWLAB/2PlayerPong-HWLAB.srcs/constrs_1/imports/Hardware Syn Lab/Basys-3-Master.xdc:88]
CRITICAL WARNING: [Common 17-55] 'set_property' expects at least one object. [C:/Users/Tawatwee/Desktop/Hardware Syn Lab/Finalproject/2PlayerPong-HWLAB/2PlayerPong-HWLAB.srcs/constrs_1/imports/Hardware Syn Lab/Basys-3-Master.xdc:88]
Resolution: If [get_<value>] was used to populate the object, check to make sure this command returns at least one valid object.
WARNING: [Vivado 12-584] No ports matched 'seg[3]'. [C:/Users/Tawatwee/Desktop/Hardware Syn Lab/Finalproject/2PlayerPong-HWLAB/2PlayerPong-HWLAB.srcs/constrs_1/imports/Hardware Syn Lab/Basys-3-Master.xdc:89]
CRITICAL WARNING: [Common 17-55] 'set_property' expects at least one object. [C:/Users/Tawatwee/Desktop/Hardware Syn Lab/Finalproject/2PlayerPong-HWLAB/2PlayerPong-HWLAB.srcs/constrs_1/imports/Hardware Syn Lab/Basys-3-Master.xdc:89]
Resolution: If [get_<value>] was used to populate the object, check to make sure this command returns at least one valid object.
WARNING: [Vivado 12-584] No ports matched 'seg[4]'. [C:/Users/Tawatwee/Desktop/Hardware Syn Lab/Finalproject/2PlayerPong-HWLAB/2PlayerPong-HWLAB.srcs/constrs_1/imports/Hardware Syn Lab/Basys-3-Master.xdc:90]
CRITICAL WARNING: [Common 17-55] 'set_property' expects at least one object. [C:/Users/Tawatwee/Desktop/Hardware Syn Lab/Finalproject/2PlayerPong-HWLAB/2PlayerPong-HWLAB.srcs/constrs_1/imports/Hardware Syn Lab/Basys-3-Master.xdc:90]
Resolution: If [get_<value>] was used to populate the object, check to make sure this command returns at least one valid object.
WARNING: [Vivado 12-584] No ports matched 'seg[4]'. [C:/Users/Tawatwee/Desktop/Hardware Syn Lab/Finalproject/2PlayerPong-HWLAB/2PlayerPong-HWLAB.srcs/constrs_1/imports/Hardware Syn Lab/Basys-3-Master.xdc:91]
CRITICAL WARNING: [Common 17-55] 'set_property' expects at least one object. [C:/Users/Tawatwee/Desktop/Hardware Syn Lab/Finalproject/2PlayerPong-HWLAB/2PlayerPong-HWLAB.srcs/constrs_1/imports/Hardware Syn Lab/Basys-3-Master.xdc:91]
Resolution: If [get_<value>] was used to populate the object, check to make sure this command returns at least one valid object.
WARNING: [Vivado 12-584] No ports matched 'seg[5]'. [C:/Users/Tawatwee/Desktop/Hardware Syn Lab/Finalproject/2PlayerPong-HWLAB/2PlayerPong-HWLAB.srcs/constrs_1/imports/Hardware Syn Lab/Basys-3-Master.xdc:92]
CRITICAL WARNING: [Common 17-55] 'set_property' expects at least one object. [C:/Users/Tawatwee/Desktop/Hardware Syn Lab/Finalproject/2PlayerPong-HWLAB/2PlayerPong-HWLAB.srcs/constrs_1/imports/Hardware Syn Lab/Basys-3-Master.xdc:92]
Resolution: If [get_<value>] was used to populate the object, check to make sure this command returns at least one valid object.
WARNING: [Vivado 12-584] No ports matched 'seg[5]'. [C:/Users/Tawatwee/Desktop/Hardware Syn Lab/Finalproject/2PlayerPong-HWLAB/2PlayerPong-HWLAB.srcs/constrs_1/imports/Hardware Syn Lab/Basys-3-Master.xdc:93]
CRITICAL WARNING: [Common 17-55] 'set_property' expects at least one object. [C:/Users/Tawatwee/Desktop/Hardware Syn Lab/Finalproject/2PlayerPong-HWLAB/2PlayerPong-HWLAB.srcs/constrs_1/imports/Hardware Syn Lab/Basys-3-Master.xdc:93]
Resolution: If [get_<value>] was used to populate the object, check to make sure this command returns at least one valid object.
WARNING: [Vivado 12-584] No ports matched 'seg[6]'. [C:/Users/Tawatwee/Desktop/Hardware Syn Lab/Finalproject/2PlayerPong-HWLAB/2PlayerPong-HWLAB.srcs/constrs_1/imports/Hardware Syn Lab/Basys-3-Master.xdc:94]
CRITICAL WARNING: [Common 17-55] 'set_property' expects at least one object. [C:/Users/Tawatwee/Desktop/Hardware Syn Lab/Finalproject/2PlayerPong-HWLAB/2PlayerPong-HWLAB.srcs/constrs_1/imports/Hardware Syn Lab/Basys-3-Master.xdc:94]
Resolution: If [get_<value>] was used to populate the object, check to make sure this command returns at least one valid object.
WARNING: [Vivado 12-584] No ports matched 'seg[6]'. [C:/Users/Tawatwee/Desktop/Hardware Syn Lab/Finalproject/2PlayerPong-HWLAB/2PlayerPong-HWLAB.srcs/constrs_1/imports/Hardware Syn Lab/Basys-3-Master.xdc:95]
CRITICAL WARNING: [Common 17-55] 'set_property' expects at least one object. [C:/Users/Tawatwee/Desktop/Hardware Syn Lab/Finalproject/2PlayerPong-HWLAB/2PlayerPong-HWLAB.srcs/constrs_1/imports/Hardware Syn Lab/Basys-3-Master.xdc:95]
Resolution: If [get_<value>] was used to populate the object, check to make sure this command returns at least one valid object.
WARNING: [Vivado 12-584] No ports matched 'dp'. [C:/Users/Tawatwee/Desktop/Hardware Syn Lab/Finalproject/2PlayerPong-HWLAB/2PlayerPong-HWLAB.srcs/constrs_1/imports/Hardware Syn Lab/Basys-3-Master.xdc:97]
CRITICAL WARNING: [Common 17-55] 'set_property' expects at least one object. [C:/Users/Tawatwee/Desktop/Hardware Syn Lab/Finalproject/2PlayerPong-HWLAB/2PlayerPong-HWLAB.srcs/constrs_1/imports/Hardware Syn Lab/Basys-3-Master.xdc:97]
Resolution: If [get_<value>] was used to populate the object, check to make sure this command returns at least one valid object.
WARNING: [Vivado 12-584] No ports matched 'dp'. [C:/Users/Tawatwee/Desktop/Hardware Syn Lab/Finalproject/2PlayerPong-HWLAB/2PlayerPong-HWLAB.srcs/constrs_1/imports/Hardware Syn Lab/Basys-3-Master.xdc:98]
CRITICAL WARNING: [Common 17-55] 'set_property' expects at least one object. [C:/Users/Tawatwee/Desktop/Hardware Syn Lab/Finalproject/2PlayerPong-HWLAB/2PlayerPong-HWLAB.srcs/constrs_1/imports/Hardware Syn Lab/Basys-3-Master.xdc:98]
Resolution: If [get_<value>] was used to populate the object, check to make sure this command returns at least one valid object.
WARNING: [Vivado 12-584] No ports matched 'an[0]'. [C:/Users/Tawatwee/Desktop/Hardware Syn Lab/Finalproject/2PlayerPong-HWLAB/2PlayerPong-HWLAB.srcs/constrs_1/imports/Hardware Syn Lab/Basys-3-Master.xdc:100]
CRITICAL WARNING: [Common 17-55] 'set_property' expects at least one object. [C:/Users/Tawatwee/Desktop/Hardware Syn Lab/Finalproject/2PlayerPong-HWLAB/2PlayerPong-HWLAB.srcs/constrs_1/imports/Hardware Syn Lab/Basys-3-Master.xdc:100]
Resolution: If [get_<value>] was used to populate the object, check to make sure this command returns at least one valid object.
WARNING: [Vivado 12-584] No ports matched 'an[0]'. [C:/Users/Tawatwee/Desktop/Hardware Syn Lab/Finalproject/2PlayerPong-HWLAB/2PlayerPong-HWLAB.srcs/constrs_1/imports/Hardware Syn Lab/Basys-3-Master.xdc:101]
CRITICAL WARNING: [Common 17-55] 'set_property' expects at least one object. [C:/Users/Tawatwee/Desktop/Hardware Syn Lab/Finalproject/2PlayerPong-HWLAB/2PlayerPong-HWLAB.srcs/constrs_1/imports/Hardware Syn Lab/Basys-3-Master.xdc:101]
Resolution: If [get_<value>] was used to populate the object, check to make sure this command returns at least one valid object.
WARNING: [Vivado 12-584] No ports matched 'an[1]'. [C:/Users/Tawatwee/Desktop/Hardware Syn Lab/Finalproject/2PlayerPong-HWLAB/2PlayerPong-HWLAB.srcs/constrs_1/imports/Hardware Syn Lab/Basys-3-Master.xdc:102]
CRITICAL WARNING: [Common 17-55] 'set_property' expects at least one object. [C:/Users/Tawatwee/Desktop/Hardware Syn Lab/Finalproject/2PlayerPong-HWLAB/2PlayerPong-HWLAB.srcs/constrs_1/imports/Hardware Syn Lab/Basys-3-Master.xdc:102]
Resolution: If [get_<value>] was used to populate the object, check to make sure this command returns at least one valid object.
WARNING: [Vivado 12-584] No ports matched 'an[1]'. [C:/Users/Tawatwee/Desktop/Hardware Syn Lab/Finalproject/2PlayerPong-HWLAB/2PlayerPong-HWLAB.srcs/constrs_1/imports/Hardware Syn Lab/Basys-3-Master.xdc:103]
CRITICAL WARNING: [Common 17-55] 'set_property' expects at least one object. [C:/Users/Tawatwee/Desktop/Hardware Syn Lab/Finalproject/2PlayerPong-HWLAB/2PlayerPong-HWLAB.srcs/constrs_1/imports/Hardware Syn Lab/Basys-3-Master.xdc:103]
Resolution: If [get_<value>] was used to populate the object, check to make sure this command returns at least one valid object.
WARNING: [Vivado 12-584] No ports matched 'an[2]'. [C:/Users/Tawatwee/Desktop/Hardware Syn Lab/Finalproject/2PlayerPong-HWLAB/2PlayerPong-HWLAB.srcs/constrs_1/imports/Hardware Syn Lab/Basys-3-Master.xdc:104]
CRITICAL WARNING: [Common 17-55] 'set_property' expects at least one object. [C:/Users/Tawatwee/Desktop/Hardware Syn Lab/Finalproject/2PlayerPong-HWLAB/2PlayerPong-HWLAB.srcs/constrs_1/imports/Hardware Syn Lab/Basys-3-Master.xdc:104]
Resolution: If [get_<value>] was used to populate the object, check to make sure this command returns at least one valid object.
WARNING: [Vivado 12-584] No ports matched 'an[2]'. [C:/Users/Tawatwee/Desktop/Hardware Syn Lab/Finalproject/2PlayerPong-HWLAB/2PlayerPong-HWLAB.srcs/constrs_1/imports/Hardware Syn Lab/Basys-3-Master.xdc:105]
CRITICAL WARNING: [Common 17-55] 'set_property' expects at least one object. [C:/Users/Tawatwee/Desktop/Hardware Syn Lab/Finalproject/2PlayerPong-HWLAB/2PlayerPong-HWLAB.srcs/constrs_1/imports/Hardware Syn Lab/Basys-3-Master.xdc:105]
Resolution: If [get_<value>] was used to populate the object, check to make sure this command returns at least one valid object.
WARNING: [Vivado 12-584] No ports matched 'an[3]'. [C:/Users/Tawatwee/Desktop/Hardware Syn Lab/Finalproject/2PlayerPong-HWLAB/2PlayerPong-HWLAB.srcs/constrs_1/imports/Hardware Syn Lab/Basys-3-Master.xdc:106]
CRITICAL WARNING: [Common 17-55] 'set_property' expects at least one object. [C:/Users/Tawatwee/Desktop/Hardware Syn Lab/Finalproject/2PlayerPong-HWLAB/2PlayerPong-HWLAB.srcs/constrs_1/imports/Hardware Syn Lab/Basys-3-Master.xdc:106]
Resolution: If [get_<value>] was used to populate the object, check to make sure this command returns at least one valid object.
WARNING: [Vivado 12-584] No ports matched 'an[3]'. [C:/Users/Tawatwee/Desktop/Hardware Syn Lab/Finalproject/2PlayerPong-HWLAB/2PlayerPong-HWLAB.srcs/constrs_1/imports/Hardware Syn Lab/Basys-3-Master.xdc:107]
CRITICAL WARNING: [Common 17-55] 'set_property' expects at least one object. [C:/Users/Tawatwee/Desktop/Hardware Syn Lab/Finalproject/2PlayerPong-HWLAB/2PlayerPong-HWLAB.srcs/constrs_1/imports/Hardware Syn Lab/Basys-3-Master.xdc:107]
Resolution: If [get_<value>] was used to populate the object, check to make sure this command returns at least one valid object.
WARNING: [Vivado 12-584] No ports matched 'btnU'. [C:/Users/Tawatwee/Desktop/Hardware Syn Lab/Finalproject/2PlayerPong-HWLAB/2PlayerPong-HWLAB.srcs/constrs_1/imports/Hardware Syn Lab/Basys-3-Master.xdc:113]
CRITICAL WARNING: [Common 17-55] 'set_property' expects at least one object. [C:/Users/Tawatwee/Desktop/Hardware Syn Lab/Finalproject/2PlayerPong-HWLAB/2PlayerPong-HWLAB.srcs/constrs_1/imports/Hardware Syn Lab/Basys-3-Master.xdc:113]
Resolution: If [get_<value>] was used to populate the object, check to make sure this command returns at least one valid object.
WARNING: [Vivado 12-584] No ports matched 'btnU'. [C:/Users/Tawatwee/Desktop/Hardware Syn Lab/Finalproject/2PlayerPong-HWLAB/2PlayerPong-HWLAB.srcs/constrs_1/imports/Hardware Syn Lab/Basys-3-Master.xdc:114]
CRITICAL WARNING: [Common 17-55] 'set_property' expects at least one object. [C:/Users/Tawatwee/Desktop/Hardware Syn Lab/Finalproject/2PlayerPong-HWLAB/2PlayerPong-HWLAB.srcs/constrs_1/imports/Hardware Syn Lab/Basys-3-Master.xdc:114]
Resolution: If [get_<value>] was used to populate the object, check to make sure this command returns at least one valid object.
WARNING: [Vivado 12-584] No ports matched 'btnL'. [C:/Users/Tawatwee/Desktop/Hardware Syn Lab/Finalproject/2PlayerPong-HWLAB/2PlayerPong-HWLAB.srcs/constrs_1/imports/Hardware Syn Lab/Basys-3-Master.xdc:115]
CRITICAL WARNING: [Common 17-55] 'set_property' expects at least one object. [C:/Users/Tawatwee/Desktop/Hardware Syn Lab/Finalproject/2PlayerPong-HWLAB/2PlayerPong-HWLAB.srcs/constrs_1/imports/Hardware Syn Lab/Basys-3-Master.xdc:115]
Resolution: If [get_<value>] was used to populate the object, check to make sure this command returns at least one valid object.
WARNING: [Vivado 12-584] No ports matched 'btnL'. [C:/Users/Tawatwee/Desktop/Hardware Syn Lab/Finalproject/2PlayerPong-HWLAB/2PlayerPong-HWLAB.srcs/constrs_1/imports/Hardware Syn Lab/Basys-3-Master.xdc:116]
CRITICAL WARNING: [Common 17-55] 'set_property' expects at least one object. [C:/Users/Tawatwee/Desktop/Hardware Syn Lab/Finalproject/2PlayerPong-HWLAB/2PlayerPong-HWLAB.srcs/constrs_1/imports/Hardware Syn Lab/Basys-3-Master.xdc:116]
Resolution: If [get_<value>] was used to populate the object, check to make sure this command returns at least one valid object.
WARNING: [Vivado 12-584] No ports matched 'btnR'. [C:/Users/Tawatwee/Desktop/Hardware Syn Lab/Finalproject/2PlayerPong-HWLAB/2PlayerPong-HWLAB.srcs/constrs_1/imports/Hardware Syn Lab/Basys-3-Master.xdc:117]
CRITICAL WARNING: [Common 17-55] 'set_property' expects at least one object. [C:/Users/Tawatwee/Desktop/Hardware Syn Lab/Finalproject/2PlayerPong-HWLAB/2PlayerPong-HWLAB.srcs/constrs_1/imports/Hardware Syn Lab/Basys-3-Master.xdc:117]
Resolution: If [get_<value>] was used to populate the object, check to make sure this command returns at least one valid object.
WARNING: [Vivado 12-584] No ports matched 'btnR'. [C:/Users/Tawatwee/Desktop/Hardware Syn Lab/Finalproject/2PlayerPong-HWLAB/2PlayerPong-HWLAB.srcs/constrs_1/imports/Hardware Syn Lab/Basys-3-Master.xdc:118]
CRITICAL WARNING: [Common 17-55] 'set_property' expects at least one object. [C:/Users/Tawatwee/Desktop/Hardware Syn Lab/Finalproject/2PlayerPong-HWLAB/2PlayerPong-HWLAB.srcs/constrs_1/imports/Hardware Syn Lab/Basys-3-Master.xdc:118]
Resolution: If [get_<value>] was used to populate the object, check to make sure this command returns at least one valid object.
WARNING: [Vivado 12-584] No ports matched 'btnD'. [C:/Users/Tawatwee/Desktop/Hardware Syn Lab/Finalproject/2PlayerPong-HWLAB/2PlayerPong-HWLAB.srcs/constrs_1/imports/Hardware Syn Lab/Basys-3-Master.xdc:119]
CRITICAL WARNING: [Common 17-55] 'set_property' expects at least one object. [C:/Users/Tawatwee/Desktop/Hardware Syn Lab/Finalproject/2PlayerPong-HWLAB/2PlayerPong-HWLAB.srcs/constrs_1/imports/Hardware Syn Lab/Basys-3-Master.xdc:119]
Resolution: If [get_<value>] was used to populate the object, check to make sure this command returns at least one valid object.
WARNING: [Vivado 12-584] No ports matched 'btnD'. [C:/Users/Tawatwee/Desktop/Hardware Syn Lab/Finalproject/2PlayerPong-HWLAB/2PlayerPong-HWLAB.srcs/constrs_1/imports/Hardware Syn Lab/Basys-3-Master.xdc:120]
CRITICAL WARNING: [Common 17-55] 'set_property' expects at least one object. [C:/Users/Tawatwee/Desktop/Hardware Syn Lab/Finalproject/2PlayerPong-HWLAB/2PlayerPong-HWLAB.srcs/constrs_1/imports/Hardware Syn Lab/Basys-3-Master.xdc:120]
Resolution: If [get_<value>] was used to populate the object, check to make sure this command returns at least one valid object.
WARNING: [Vivado 12-584] No ports matched 'RsRx'. [C:/Users/Tawatwee/Desktop/Hardware Syn Lab/Finalproject/2PlayerPong-HWLAB/2PlayerPong-HWLAB.srcs/constrs_1/imports/Hardware Syn Lab/Basys-3-Master.xdc:267]
CRITICAL WARNING: [Common 17-55] 'set_property' expects at least one object. [C:/Users/Tawatwee/Desktop/Hardware Syn Lab/Finalproject/2PlayerPong-HWLAB/2PlayerPong-HWLAB.srcs/constrs_1/imports/Hardware Syn Lab/Basys-3-Master.xdc:267]
Resolution: If [get_<value>] was used to populate the object, check to make sure this command returns at least one valid object.
WARNING: [Vivado 12-584] No ports matched 'RsRx'. [C:/Users/Tawatwee/Desktop/Hardware Syn Lab/Finalproject/2PlayerPong-HWLAB/2PlayerPong-HWLAB.srcs/constrs_1/imports/Hardware Syn Lab/Basys-3-Master.xdc:268]
CRITICAL WARNING: [Common 17-55] 'set_property' expects at least one object. [C:/Users/Tawatwee/Desktop/Hardware Syn Lab/Finalproject/2PlayerPong-HWLAB/2PlayerPong-HWLAB.srcs/constrs_1/imports/Hardware Syn Lab/Basys-3-Master.xdc:268]
Resolution: If [get_<value>] was used to populate the object, check to make sure this command returns at least one valid object.
WARNING: [Vivado 12-584] No ports matched 'RsTx'. [C:/Users/Tawatwee/Desktop/Hardware Syn Lab/Finalproject/2PlayerPong-HWLAB/2PlayerPong-HWLAB.srcs/constrs_1/imports/Hardware Syn Lab/Basys-3-Master.xdc:269]
CRITICAL WARNING: [Common 17-55] 'set_property' expects at least one object. [C:/Users/Tawatwee/Desktop/Hardware Syn Lab/Finalproject/2PlayerPong-HWLAB/2PlayerPong-HWLAB.srcs/constrs_1/imports/Hardware Syn Lab/Basys-3-Master.xdc:269]
Resolution: If [get_<value>] was used to populate the object, check to make sure this command returns at least one valid object.
WARNING: [Vivado 12-584] No ports matched 'RsTx'. [C:/Users/Tawatwee/Desktop/Hardware Syn Lab/Finalproject/2PlayerPong-HWLAB/2PlayerPong-HWLAB.srcs/constrs_1/imports/Hardware Syn Lab/Basys-3-Master.xdc:270]
CRITICAL WARNING: [Common 17-55] 'set_property' expects at least one object. [C:/Users/Tawatwee/Desktop/Hardware Syn Lab/Finalproject/2PlayerPong-HWLAB/2PlayerPong-HWLAB.srcs/constrs_1/imports/Hardware Syn Lab/Basys-3-Master.xdc:270]
Resolution: If [get_<value>] was used to populate the object, check to make sure this command returns at least one valid object.
WARNING: [Vivado 12-584] No ports matched 'PS2Clk'. [C:/Users/Tawatwee/Desktop/Hardware Syn Lab/Finalproject/2PlayerPong-HWLAB/2PlayerPong-HWLAB.srcs/constrs_1/imports/Hardware Syn Lab/Basys-3-Master.xdc:274]
CRITICAL WARNING: [Common 17-55] 'set_property' expects at least one object. [C:/Users/Tawatwee/Desktop/Hardware Syn Lab/Finalproject/2PlayerPong-HWLAB/2PlayerPong-HWLAB.srcs/constrs_1/imports/Hardware Syn Lab/Basys-3-Master.xdc:274]
Resolution: If [get_<value>] was used to populate the object, check to make sure this command returns at least one valid object.
WARNING: [Vivado 12-584] No ports matched 'PS2Clk'. [C:/Users/Tawatwee/Desktop/Hardware Syn Lab/Finalproject/2PlayerPong-HWLAB/2PlayerPong-HWLAB.srcs/constrs_1/imports/Hardware Syn Lab/Basys-3-Master.xdc:275]
CRITICAL WARNING: [Common 17-55] 'set_property' expects at least one object. [C:/Users/Tawatwee/Desktop/Hardware Syn Lab/Finalproject/2PlayerPong-HWLAB/2PlayerPong-HWLAB.srcs/constrs_1/imports/Hardware Syn Lab/Basys-3-Master.xdc:275]
Resolution: If [get_<value>] was used to populate the object, check to make sure this command returns at least one valid object.
WARNING: [Vivado 12-584] No ports matched 'PS2Clk'. [C:/Users/Tawatwee/Desktop/Hardware Syn Lab/Finalproject/2PlayerPong-HWLAB/2PlayerPong-HWLAB.srcs/constrs_1/imports/Hardware Syn Lab/Basys-3-Master.xdc:276]
CRITICAL WARNING: [Common 17-55] 'set_property' expects at least one object. [C:/Users/Tawatwee/Desktop/Hardware Syn Lab/Finalproject/2PlayerPong-HWLAB/2PlayerPong-HWLAB.srcs/constrs_1/imports/Hardware Syn Lab/Basys-3-Master.xdc:276]
Resolution: If [get_<value>] was used to populate the object, check to make sure this command returns at least one valid object.
WARNING: [Vivado 12-584] No ports matched 'PS2Data'. [C:/Users/Tawatwee/Desktop/Hardware Syn Lab/Finalproject/2PlayerPong-HWLAB/2PlayerPong-HWLAB.srcs/constrs_1/imports/Hardware Syn Lab/Basys-3-Master.xdc:277]
CRITICAL WARNING: [Common 17-55] 'set_property' expects at least one object. [C:/Users/Tawatwee/Desktop/Hardware Syn Lab/Finalproject/2PlayerPong-HWLAB/2PlayerPong-HWLAB.srcs/constrs_1/imports/Hardware Syn Lab/Basys-3-Master.xdc:277]
Resolution: If [get_<value>] was used to populate the object, check to make sure this command returns at least one valid object.
WARNING: [Vivado 12-584] No ports matched 'PS2Data'. [C:/Users/Tawatwee/Desktop/Hardware Syn Lab/Finalproject/2PlayerPong-HWLAB/2PlayerPong-HWLAB.srcs/constrs_1/imports/Hardware Syn Lab/Basys-3-Master.xdc:278]
CRITICAL WARNING: [Common 17-55] 'set_property' expects at least one object. [C:/Users/Tawatwee/Desktop/Hardware Syn Lab/Finalproject/2PlayerPong-HWLAB/2PlayerPong-HWLAB.srcs/constrs_1/imports/Hardware Syn Lab/Basys-3-Master.xdc:278]
Resolution: If [get_<value>] was used to populate the object, check to make sure this command returns at least one valid object.
WARNING: [Vivado 12-584] No ports matched 'PS2Data'. [C:/Users/Tawatwee/Desktop/Hardware Syn Lab/Finalproject/2PlayerPong-HWLAB/2PlayerPong-HWLAB.srcs/constrs_1/imports/Hardware Syn Lab/Basys-3-Master.xdc:279]
CRITICAL WARNING: [Common 17-55] 'set_property' expects at least one object. [C:/Users/Tawatwee/Desktop/Hardware Syn Lab/Finalproject/2PlayerPong-HWLAB/2PlayerPong-HWLAB.srcs/constrs_1/imports/Hardware Syn Lab/Basys-3-Master.xdc:279]
Resolution: If [get_<value>] was used to populate the object, check to make sure this command returns at least one valid object.
Finished Parsing XDC File [C:/Users/Tawatwee/Desktop/Hardware Syn Lab/Finalproject/2PlayerPong-HWLAB/2PlayerPong-HWLAB.srcs/constrs_1/imports/Hardware Syn Lab/Basys-3-Master.xdc]
INFO: [Project 1-236] Implementation specific constraints were found while reading constraint file [C:/Users/Tawatwee/Desktop/Hardware Syn Lab/Finalproject/2PlayerPong-HWLAB/2PlayerPong-HWLAB.srcs/constrs_1/imports/Hardware Syn Lab/Basys-3-Master.xdc]. These constraints will be ignored for synthesis but will be used in implementation. Impacted constraints are listed in the file [.Xil/vga_test_propImpl.xdc].
Resolution: To avoid this warning, move constraints listed in [.Xil/vga_test_propImpl.xdc] to another XDC file and exclude this new file from synthesis with the used_in_synthesis property (File Properties dialog in GUI) and re-run elaboration/synthesis.
Completed Processing XDC Constraints

Netlist sorting complete. Time (s): cpu = 00:00:00 ; elapsed = 00:00:00 . Memory (MB): peak = 1681.164 ; gain = 0.000
INFO: [Project 1-111] Unisim Transformation Summary:
No Unisim elements were transformed.

Constraint Validation Runtime : Time (s): cpu = 00:00:00 ; elapsed = 00:00:00.020 . Memory (MB): peak = 1681.164 ; gain = 0.000
INFO: [Designutils 20-5440] No compile time benefit to using incremental synthesis; A full resynthesis will be run
INFO: [Designutils 20-4379] Flow is switching to default flow due to incremental criteria not met. If you would like to alter this behaviour and have the flow terminate instead, please set the following parameter config_implementation {autoIncr.Synth.RejectBehavior Terminate}
---------------------------------------------------------------------------------
Finished Constraint Validation : Time (s): cpu = 00:00:18 ; elapsed = 00:00:27 . Memory (MB): peak = 1681.164 ; gain = 815.473
---------------------------------------------------------------------------------
---------------------------------------------------------------------------------
Start Loading Part and Timing Information
---------------------------------------------------------------------------------
Loading part: xc7a35tcpg236-1
---------------------------------------------------------------------------------
Finished Loading Part and Timing Information : Time (s): cpu = 00:00:18 ; elapsed = 00:00:27 . Memory (MB): peak = 1681.164 ; gain = 815.473
---------------------------------------------------------------------------------
---------------------------------------------------------------------------------
Start Applying 'set_property' XDC Constraints
---------------------------------------------------------------------------------
---------------------------------------------------------------------------------
Finished applying 'set_property' XDC Constraints : Time (s): cpu = 00:00:18 ; elapsed = 00:00:27 . Memory (MB): peak = 1681.164 ; gain = 815.473
---------------------------------------------------------------------------------
---------------------------------------------------------------------------------
Finished RTL Optimization Phase 2 : Time (s): cpu = 00:00:30 ; elapsed = 00:00:53 . Memory (MB): peak = 1828.328 ; gain = 962.637
---------------------------------------------------------------------------------
---------------------------------------------------------------------------------
Start RTL Component Statistics 
---------------------------------------------------------------------------------
Detailed RTL Component Info : 
+---Adders : 
	   2 Input   32 Bit       Adders := 11    
	   3 Input   32 Bit       Adders := 4     
	   2 Input   10 Bit       Adders := 2     
	   2 Input    2 Bit       Adders := 1     
+---Registers : 
	               10 Bit    Registers := 2     
	                2 Bit    Registers := 1     
	                1 Bit    Registers := 2     
+---Muxes : 
	   2 Input   12 Bit        Muxes := 5     
	  30 Input    1 Bit        Muxes := 1     
	   2 Input    1 Bit        Muxes := 2     
---------------------------------------------------------------------------------
Finished RTL Component Statistics 
---------------------------------------------------------------------------------
---------------------------------------------------------------------------------
Start Part Resource Summary
---------------------------------------------------------------------------------
Part Resources:
DSPs: 90 (col length:60)
BRAMs: 100 (col length: RAMB18 60 RAMB36 30)
---------------------------------------------------------------------------------
Finished Part Resource Summary
---------------------------------------------------------------------------------
---------------------------------------------------------------------------------
Start Cross Boundary and Area Optimization
---------------------------------------------------------------------------------
WARNING: [Synth 8-7080] Parallel synthesis criteria is not met
DSP Report: Generating DSP bg_rgb2, operation Mode is: C+A*(B:0x280).
DSP Report: operator bg_rgb2 is absorbed into DSP bg_rgb2.
DSP Report: operator bg_rgb3 is absorbed into DSP bg_rgb2.
---------------------------------------------------------------------------------
Finished Cross Boundary and Area Optimization : Time (s): cpu = 00:00:40 ; elapsed = 00:01:14 . Memory (MB): peak = 1828.328 ; gain = 962.637
---------------------------------------------------------------------------------
---------------------------------------------------------------------------------
Start ROM, RAM, DSP, Shift Register and Retiming Reporting
---------------------------------------------------------------------------------

ROM: Preliminary Mapping Report
+-----------------------+------------+---------------+----------------+
|Module Name            | RTL Object | Depth x Width | Implemented As | 
+-----------------------+------------+---------------+----------------+
|twoDecimalBCDConverter | mem        | 128x8         | LUT            | 
|twoDecimalBCDConverter | mem        | 128x8         | LUT            | 
|bgGenerator            | mem        | 524288x5      | LUT            | 
|bgGenerator            | mem2       | 32x11         | LUT            | 
|vga_test               | p_0_out    | 32x11         | LUT            | 
|inScore                | p_0_out    | 128x8         | LUT            | 
|inScore                | p_0_out    | 128x8         | LUT            | 
+-----------------------+------------+---------------+----------------+


DSP: Preliminary Mapping Report (see note below. The ' indicates corresponding REG is set)
+------------+---------------+--------+--------+--------+--------+--------+------+------+------+------+-------+------+------+
|Module Name | DSP Mapping   | A Size | B Size | C Size | D Size | P Size | AREG | BREG | CREG | DREG | ADREG | MREG | PREG | 
+------------+---------------+--------+--------+--------+--------+--------+------+------+------+------+-------+------+------+
|bgGenerator | C+A*(B:0x280) | 10     | 10     | 10     | -      | 19     | 0    | 0    | 0    | -    | -     | 0    | 0    | 
+------------+---------------+--------+--------+--------+--------+--------+------+------+------+------+-------+------+------+

Note: The table above is a preliminary report that shows the DSPs inferred at the current stage of the synthesis flow. Some DSP may be reimplemented as non DSP primitives later in the synthesis flow. Multiple instantiated DSPs are reported only once.
---------------------------------------------------------------------------------
Finished ROM, RAM, DSP, Shift Register and Retiming Reporting
---------------------------------------------------------------------------------
---------------------------------------------------------------------------------
Start Applying XDC Timing Constraints
---------------------------------------------------------------------------------
---------------------------------------------------------------------------------
Finished Applying XDC Timing Constraints : Time (s): cpu = 00:00:47 ; elapsed = 00:01:27 . Memory (MB): peak = 1828.328 ; gain = 962.637
---------------------------------------------------------------------------------
---------------------------------------------------------------------------------
Start Timing Optimization
---------------------------------------------------------------------------------
---------------------------------------------------------------------------------
Finished Timing Optimization : Time (s): cpu = 00:00:48 ; elapsed = 00:01:29 . Memory (MB): peak = 1828.328 ; gain = 962.637
---------------------------------------------------------------------------------
---------------------------------------------------------------------------------
Start Technology Mapping
---------------------------------------------------------------------------------
---------------------------------------------------------------------------------
Finished Technology Mapping : Time (s): cpu = 00:00:53 ; elapsed = 00:01:37 . Memory (MB): peak = 1869.098 ; gain = 1003.406
---------------------------------------------------------------------------------
---------------------------------------------------------------------------------
Start IO Insertion
---------------------------------------------------------------------------------
---------------------------------------------------------------------------------
Start Flattening Before IO Insertion
---------------------------------------------------------------------------------
---------------------------------------------------------------------------------
Finished Flattening Before IO Insertion
---------------------------------------------------------------------------------
---------------------------------------------------------------------------------
Start Final Netlist Cleanup
---------------------------------------------------------------------------------
---------------------------------------------------------------------------------
Finished Final Netlist Cleanup
---------------------------------------------------------------------------------
---------------------------------------------------------------------------------
Finished IO Insertion : Time (s): cpu = 00:00:57 ; elapsed = 00:01:44 . Memory (MB): peak = 1869.098 ; gain = 1003.406
---------------------------------------------------------------------------------
---------------------------------------------------------------------------------
Start Renaming Generated Instances
---------------------------------------------------------------------------------
---------------------------------------------------------------------------------
Finished Renaming Generated Instances : Time (s): cpu = 00:00:58 ; elapsed = 00:01:44 . Memory (MB): peak = 1869.098 ; gain = 1003.406
---------------------------------------------------------------------------------
---------------------------------------------------------------------------------
Start Rebuilding User Hierarchy
---------------------------------------------------------------------------------
---------------------------------------------------------------------------------
Finished Rebuilding User Hierarchy : Time (s): cpu = 00:00:59 ; elapsed = 00:01:46 . Memory (MB): peak = 1869.098 ; gain = 1003.406
---------------------------------------------------------------------------------
---------------------------------------------------------------------------------
Start Renaming Generated Ports
---------------------------------------------------------------------------------
---------------------------------------------------------------------------------
Finished Renaming Generated Ports : Time (s): cpu = 00:00:59 ; elapsed = 00:01:46 . Memory (MB): peak = 1869.098 ; gain = 1003.406
---------------------------------------------------------------------------------
---------------------------------------------------------------------------------
Start Handling Custom Attributes
---------------------------------------------------------------------------------
---------------------------------------------------------------------------------
Finished Handling Custom Attributes : Time (s): cpu = 00:00:59 ; elapsed = 00:01:47 . Memory (MB): peak = 1869.098 ; gain = 1003.406
---------------------------------------------------------------------------------
---------------------------------------------------------------------------------
Start Renaming Generated Nets
---------------------------------------------------------------------------------
---------------------------------------------------------------------------------
Finished Renaming Generated Nets : Time (s): cpu = 00:00:59 ; elapsed = 00:01:47 . Memory (MB): peak = 1869.098 ; gain = 1003.406
---------------------------------------------------------------------------------
---------------------------------------------------------------------------------
Start Writing Synthesis Report
---------------------------------------------------------------------------------

DSP Final Report (the ' indicates corresponding REG is set)
+------------+-------------+--------+--------+--------+--------+--------+------+------+------+------+-------+------+------+
|Module Name | DSP Mapping | A Size | B Size | C Size | D Size | P Size | AREG | BREG | CREG | DREG | ADREG | MREG | PREG | 
+------------+-------------+--------+--------+--------+--------+--------+------+------+------+------+-------+------+------+
|bgGenerator | C+A*B       | 10     | 10     | 10     | -      | 19     | 0    | 0    | 0    | -    | -     | 0    | 0    | 
+------------+-------------+--------+--------+--------+--------+--------+------+------+------+------+-------+------+------+


Report BlackBoxes: 
+-+--------------+----------+
| |BlackBox name |Instances |
+-+--------------+----------+
+-+--------------+----------+

Report Cell Usage: 
+------+--------+------+
|      |Cell    |Count |
+------+--------+------+
|1     |BUFG    |     1|
|2     |CARRY4  |    22|
|3     |DSP48E1 |     1|
|4     |LUT1    |     6|
|5     |LUT2    |   136|
|6     |LUT3    |   130|
|7     |LUT4    |   310|
|8     |LUT5    |  1303|
|9     |LUT6    |  9916|
|10    |MUXF7   |  4395|
|11    |MUXF8   |  1436|
|12    |FDCE    |    24|
|13    |IBUF    |     2|
|14    |OBUF    |    14|
+------+--------+------+
---------------------------------------------------------------------------------
Finished Writing Synthesis Report : Time (s): cpu = 00:00:59 ; elapsed = 00:01:47 . Memory (MB): peak = 1869.098 ; gain = 1003.406
---------------------------------------------------------------------------------
Synthesis finished with 0 errors, 0 critical warnings and 1 warnings.
Synthesis Optimization Runtime : Time (s): cpu = 00:00:47 ; elapsed = 00:01:44 . Memory (MB): peak = 1869.098 ; gain = 929.816
Synthesis Optimization Complete : Time (s): cpu = 00:00:59 ; elapsed = 00:01:47 . Memory (MB): peak = 1869.098 ; gain = 1003.406
INFO: [Project 1-571] Translating synthesized netlist
Netlist sorting complete. Time (s): cpu = 00:00:00 ; elapsed = 00:00:00.296 . Memory (MB): peak = 1869.098 ; gain = 0.000
INFO: [Netlist 29-17] Analyzing 5854 Unisim elements for replacement
INFO: [Netlist 29-28] Unisim Transformation completed in 0 CPU seconds
WARNING: [Netlist 29-101] Netlist 'vga_test' is not ideal for floorplanning, since the cellview 'bgGenerator' contains a large number of primitives.  Please consider enabling hierarchy in synthesis if you want to do floorplanning.
INFO: [Project 1-570] Preparing netlist for logic optimization
INFO: [Opt 31-138] Pushed 0 inverter(s) to 0 load pin(s).
Netlist sorting complete. Time (s): cpu = 00:00:00 ; elapsed = 00:00:00.004 . Memory (MB): peak = 1869.098 ; gain = 0.000
INFO: [Project 1-111] Unisim Transformation Summary:
No Unisim elements were transformed.

Synth Design complete | Checksum: 7e6524b
INFO: [Common 17-83] Releasing license: Synthesis
42 Infos, 93 Warnings, 74 Critical Warnings and 0 Errors encountered.
synth_design completed successfully
synth_design: Time (s): cpu = 00:01:05 ; elapsed = 00:01:58 . Memory (MB): peak = 1869.098 ; gain = 1382.031
INFO: [runtcl-6] Synthesis results are not added to the cache due to CRITICAL_WARNING
INFO: [Common 17-1381] The checkpoint 'C:/Users/Tawatwee/Desktop/Hardware Syn Lab/Finalproject/2PlayerPong-HWLAB/2PlayerPong-HWLAB.runs/synth_1/vga_test.dcp' has been generated.
INFO: [runtcl-4] Executing : report_utilization -file vga_test_utilization_synth.rpt -pb vga_test_utilization_synth.pb
INFO: [Common 17-206] Exiting Vivado at Tue Nov  7 22:46:37 2023...
