
*** Running vivado
    with args -log vga_test.vdi -applog -m64 -product Vivado -messageDb vivado.pb -mode batch -source vga_test.tcl -notrace


ECHO is off.
ECHO is off.

****** Vivado v2023.1 (64-bit)
  **** SW Build 3865809 on Sun May  7 15:05:29 MDT 2023
  **** IP Build 3864474 on Sun May  7 20:36:21 MDT 2023
  **** SharedData Build 3865790 on Sun May 07 13:33:03 MDT 2023
    ** Copyright 1986-2022 Xilinx, Inc. All Rights Reserved.
    ** Copyright 2022-2023 Advanced Micro Devices, Inc. All Rights Reserved.

source vga_test.tcl -notrace
create_project: Time (s): cpu = 00:00:05 ; elapsed = 00:00:10 . Memory (MB): peak = 460.078 ; gain = 187.785
Command: link_design -top vga_test -part xc7a35tcpg236-1
Design is defaulting to srcset: sources_1
Design is defaulting to constrset: constrs_1
INFO: [Device 21-403] Loading part xc7a35tcpg236-1
Netlist sorting complete. Time (s): cpu = 00:00:00 ; elapsed = 00:00:00.096 . Memory (MB): peak = 869.363 ; gain = 0.000
INFO: [Netlist 29-17] Analyzing 5854 Unisim elements for replacement
INFO: [Netlist 29-28] Unisim Transformation completed in 0 CPU seconds
WARNING: [Netlist 29-101] Netlist 'vga_test' is not ideal for floorplanning, since the cellview 'bgGenerator' contains a large number of primitives.  Please consider enabling hierarchy in synthesis if you want to do floorplanning.
INFO: [Project 1-479] Netlist was created with Vivado 2023.1
INFO: [Project 1-570] Preparing netlist for logic optimization
Parsing XDC File [C:/Users/Tawatwee/Desktop/Hardware Syn Lab/Finalproject/2PlayerPong-HWLAB/2PlayerPong-HWLAB.srcs/constrs_1/imports/Hardware Syn Lab/Basys-3-Master.xdc]
WARNING: [Vivado 12-584] No ports matched 'sw[0]'. [C:/Users/Tawatwee/Desktop/Hardware Syn Lab/Finalproject/2PlayerPong-HWLAB/2PlayerPong-HWLAB.srcs/constrs_1/imports/Hardware Syn Lab/Basys-3-Master.xdc:12]
CRITICAL WARNING: [Common 17-55] 'set_property' expects at least one object. [C:/Users/Tawatwee/Desktop/Hardware Syn Lab/Finalproject/2PlayerPong-HWLAB/2PlayerPong-HWLAB.srcs/constrs_1/imports/Hardware Syn Lab/Basys-3-Master.xdc:12]
Resolution: If [get_<value>] was used to populate the object, check to make sure this command returns at least one valid object.
WARNING: [Vivado 12-584] No ports matched 'sw[0]'. [C:/Users/Tawatwee/Desktop/Hardware Syn Lab/Finalproject/2PlayerPong-HWLAB/2PlayerPong-HWLAB.srcs/constrs_1/imports/Hardware Syn Lab/Basys-3-Master.xdc:13]
CRITICAL WARNING: [Common 17-55] 'set_property' expects at least one object. [C:/Users/Tawatwee/Desktop/Hardware Syn Lab/Finalproject/2PlayerPong-HWLAB/2PlayerPong-HWLAB.srcs/constrs_1/imports/Hardware Syn Lab/Basys-3-Master.xdc:13]
Resolution: If [get_<value>] was used to populate the object, check to make sure this command returns at least one valid object.
WARNING: [Vivado 12-584] No ports matched 'sw[1]'. [C:/Users/Tawatwee/Desktop/Hardware Syn Lab/Finalproject/2PlayerPong-HWLAB/2PlayerPong-HWLAB.srcs/constrs_1/imports/Hardware Syn Lab/Basys-3-Master.xdc:14]
CRITICAL WARNING: [Common 17-55] 'set_property' expects at least one object. [C:/Users/Tawatwee/Desktop/Hardware Syn Lab/Finalproject/2PlayerPong-HWLAB/2PlayerPong-HWLAB.srcs/constrs_1/imports/Hardware Syn Lab/Basys-3-Master.xdc:14]
Resolution: If [get_<value>] was used to populate the object, check to make sure this command returns at least one valid object.
WARNING: [Vivado 12-584] No ports matched 'sw[1]'. [C:/Users/Tawatwee/Desktop/Hardware Syn Lab/Finalproject/2PlayerPong-HWLAB/2PlayerPong-HWLAB.srcs/constrs_1/imports/Hardware Syn Lab/Basys-3-Master.xdc:15]
CRITICAL WARNING: [Common 17-55] 'set_property' expects at least one object. [C:/Users/Tawatwee/Desktop/Hardware Syn Lab/Finalproject/2PlayerPong-HWLAB/2PlayerPong-HWLAB.srcs/constrs_1/imports/Hardware Syn Lab/Basys-3-Master.xdc:15]
Resolution: If [get_<value>] was used to populate the object, check to make sure this command returns at least one valid object.
WARNING: [Vivado 12-584] No ports matched 'sw[2]'. [C:/Users/Tawatwee/Desktop/Hardware Syn Lab/Finalproject/2PlayerPong-HWLAB/2PlayerPong-HWLAB.srcs/constrs_1/imports/Hardware Syn Lab/Basys-3-Master.xdc:16]
CRITICAL WARNING: [Common 17-55] 'set_property' expects at least one object. [C:/Users/Tawatwee/Desktop/Hardware Syn Lab/Finalproject/2PlayerPong-HWLAB/2PlayerPong-HWLAB.srcs/constrs_1/imports/Hardware Syn Lab/Basys-3-Master.xdc:16]
Resolution: If [get_<value>] was used to populate the object, check to make sure this command returns at least one valid object.
WARNING: [Vivado 12-584] No ports matched 'sw[2]'. [C:/Users/Tawatwee/Desktop/Hardware Syn Lab/Finalproject/2PlayerPong-HWLAB/2PlayerPong-HWLAB.srcs/constrs_1/imports/Hardware Syn Lab/Basys-3-Master.xdc:17]
CRITICAL WARNING: [Common 17-55] 'set_property' expects at least one object. [C:/Users/Tawatwee/Desktop/Hardware Syn Lab/Finalproject/2PlayerPong-HWLAB/2PlayerPong-HWLAB.srcs/constrs_1/imports/Hardware Syn Lab/Basys-3-Master.xdc:17]
Resolution: If [get_<value>] was used to populate the object, check to make sure this command returns at least one valid object.
WARNING: [Vivado 12-584] No ports matched 'sw[3]'. [C:/Users/Tawatwee/Desktop/Hardware Syn Lab/Finalproject/2PlayerPong-HWLAB/2PlayerPong-HWLAB.srcs/constrs_1/imports/Hardware Syn Lab/Basys-3-Master.xdc:18]
CRITICAL WARNING: [Common 17-55] 'set_property' expects at least one object. [C:/Users/Tawatwee/Desktop/Hardware Syn Lab/Finalproject/2PlayerPong-HWLAB/2PlayerPong-HWLAB.srcs/constrs_1/imports/Hardware Syn Lab/Basys-3-Master.xdc:18]
Resolution: If [get_<value>] was used to populate the object, check to make sure this command returns at least one valid object.
WARNING: [Vivado 12-584] No ports matched 'sw[3]'. [C:/Users/Tawatwee/Desktop/Hardware Syn Lab/Finalproject/2PlayerPong-HWLAB/2PlayerPong-HWLAB.srcs/constrs_1/imports/Hardware Syn Lab/Basys-3-Master.xdc:19]
CRITICAL WARNING: [Common 17-55] 'set_property' expects at least one object. [C:/Users/Tawatwee/Desktop/Hardware Syn Lab/Finalproject/2PlayerPong-HWLAB/2PlayerPong-HWLAB.srcs/constrs_1/imports/Hardware Syn Lab/Basys-3-Master.xdc:19]
Resolution: If [get_<value>] was used to populate the object, check to make sure this command returns at least one valid object.
WARNING: [Vivado 12-584] No ports matched 'sw[4]'. [C:/Users/Tawatwee/Desktop/Hardware Syn Lab/Finalproject/2PlayerPong-HWLAB/2PlayerPong-HWLAB.srcs/constrs_1/imports/Hardware Syn Lab/Basys-3-Master.xdc:20]
CRITICAL WARNING: [Common 17-55] 'set_property' expects at least one object. [C:/Users/Tawatwee/Desktop/Hardware Syn Lab/Finalproject/2PlayerPong-HWLAB/2PlayerPong-HWLAB.srcs/constrs_1/imports/Hardware Syn Lab/Basys-3-Master.xdc:20]
Resolution: If [get_<value>] was used to populate the object, check to make sure this command returns at least one valid object.
WARNING: [Vivado 12-584] No ports matched 'sw[4]'. [C:/Users/Tawatwee/Desktop/Hardware Syn Lab/Finalproject/2PlayerPong-HWLAB/2PlayerPong-HWLAB.srcs/constrs_1/imports/Hardware Syn Lab/Basys-3-Master.xdc:21]
CRITICAL WARNING: [Common 17-55] 'set_property' expects at least one object. [C:/Users/Tawatwee/Desktop/Hardware Syn Lab/Finalproject/2PlayerPong-HWLAB/2PlayerPong-HWLAB.srcs/constrs_1/imports/Hardware Syn Lab/Basys-3-Master.xdc:21]
Resolution: If [get_<value>] was used to populate the object, check to make sure this command returns at least one valid object.
WARNING: [Vivado 12-584] No ports matched 'sw[5]'. [C:/Users/Tawatwee/Desktop/Hardware Syn Lab/Finalproject/2PlayerPong-HWLAB/2PlayerPong-HWLAB.srcs/constrs_1/imports/Hardware Syn Lab/Basys-3-Master.xdc:22]
CRITICAL WARNING: [Common 17-55] 'set_property' expects at least one object. [C:/Users/Tawatwee/Desktop/Hardware Syn Lab/Finalproject/2PlayerPong-HWLAB/2PlayerPong-HWLAB.srcs/constrs_1/imports/Hardware Syn Lab/Basys-3-Master.xdc:22]
Resolution: If [get_<value>] was used to populate the object, check to make sure this command returns at least one valid object.
WARNING: [Vivado 12-584] No ports matched 'sw[5]'. [C:/Users/Tawatwee/Desktop/Hardware Syn Lab/Finalproject/2PlayerPong-HWLAB/2PlayerPong-HWLAB.srcs/constrs_1/imports/Hardware Syn Lab/Basys-3-Master.xdc:23]
CRITICAL WARNING: [Common 17-55] 'set_property' expects at least one object. [C:/Users/Tawatwee/Desktop/Hardware Syn Lab/Finalproject/2PlayerPong-HWLAB/2PlayerPong-HWLAB.srcs/constrs_1/imports/Hardware Syn Lab/Basys-3-Master.xdc:23]
Resolution: If [get_<value>] was used to populate the object, check to make sure this command returns at least one valid object.
WARNING: [Vivado 12-584] No ports matched 'sw[6]'. [C:/Users/Tawatwee/Desktop/Hardware Syn Lab/Finalproject/2PlayerPong-HWLAB/2PlayerPong-HWLAB.srcs/constrs_1/imports/Hardware Syn Lab/Basys-3-Master.xdc:24]
CRITICAL WARNING: [Common 17-55] 'set_property' expects at least one object. [C:/Users/Tawatwee/Desktop/Hardware Syn Lab/Finalproject/2PlayerPong-HWLAB/2PlayerPong-HWLAB.srcs/constrs_1/imports/Hardware Syn Lab/Basys-3-Master.xdc:24]
Resolution: If [get_<value>] was used to populate the object, check to make sure this command returns at least one valid object.
WARNING: [Vivado 12-584] No ports matched 'sw[6]'. [C:/Users/Tawatwee/Desktop/Hardware Syn Lab/Finalproject/2PlayerPong-HWLAB/2PlayerPong-HWLAB.srcs/constrs_1/imports/Hardware Syn Lab/Basys-3-Master.xdc:25]
CRITICAL WARNING: [Common 17-55] 'set_property' expects at least one object. [C:/Users/Tawatwee/Desktop/Hardware Syn Lab/Finalproject/2PlayerPong-HWLAB/2PlayerPong-HWLAB.srcs/constrs_1/imports/Hardware Syn Lab/Basys-3-Master.xdc:25]
Resolution: If [get_<value>] was used to populate the object, check to make sure this command returns at least one valid object.
WARNING: [Vivado 12-584] No ports matched 'sw[7]'. [C:/Users/Tawatwee/Desktop/Hardware Syn Lab/Finalproject/2PlayerPong-HWLAB/2PlayerPong-HWLAB.srcs/constrs_1/imports/Hardware Syn Lab/Basys-3-Master.xdc:26]
CRITICAL WARNING: [Common 17-55] 'set_property' expects at least one object. [C:/Users/Tawatwee/Desktop/Hardware Syn Lab/Finalproject/2PlayerPong-HWLAB/2PlayerPong-HWLAB.srcs/constrs_1/imports/Hardware Syn Lab/Basys-3-Master.xdc:26]
Resolution: If [get_<value>] was used to populate the object, check to make sure this command returns at least one valid object.
WARNING: [Vivado 12-584] No ports matched 'sw[7]'. [C:/Users/Tawatwee/Desktop/Hardware Syn Lab/Finalproject/2PlayerPong-HWLAB/2PlayerPong-HWLAB.srcs/constrs_1/imports/Hardware Syn Lab/Basys-3-Master.xdc:27]
CRITICAL WARNING: [Common 17-55] 'set_property' expects at least one object. [C:/Users/Tawatwee/Desktop/Hardware Syn Lab/Finalproject/2PlayerPong-HWLAB/2PlayerPong-HWLAB.srcs/constrs_1/imports/Hardware Syn Lab/Basys-3-Master.xdc:27]
Resolution: If [get_<value>] was used to populate the object, check to make sure this command returns at least one valid object.
WARNING: [Vivado 12-584] No ports matched 'sw[8]'. [C:/Users/Tawatwee/Desktop/Hardware Syn Lab/Finalproject/2PlayerPong-HWLAB/2PlayerPong-HWLAB.srcs/constrs_1/imports/Hardware Syn Lab/Basys-3-Master.xdc:28]
CRITICAL WARNING: [Common 17-55] 'set_property' expects at least one object. [C:/Users/Tawatwee/Desktop/Hardware Syn Lab/Finalproject/2PlayerPong-HWLAB/2PlayerPong-HWLAB.srcs/constrs_1/imports/Hardware Syn Lab/Basys-3-Master.xdc:28]
Resolution: If [get_<value>] was used to populate the object, check to make sure this command returns at least one valid object.
WARNING: [Vivado 12-584] No ports matched 'sw[8]'. [C:/Users/Tawatwee/Desktop/Hardware Syn Lab/Finalproject/2PlayerPong-HWLAB/2PlayerPong-HWLAB.srcs/constrs_1/imports/Hardware Syn Lab/Basys-3-Master.xdc:29]
CRITICAL WARNING: [Common 17-55] 'set_property' expects at least one object. [C:/Users/Tawatwee/Desktop/Hardware Syn Lab/Finalproject/2PlayerPong-HWLAB/2PlayerPong-HWLAB.srcs/constrs_1/imports/Hardware Syn Lab/Basys-3-Master.xdc:29]
Resolution: If [get_<value>] was used to populate the object, check to make sure this command returns at least one valid object.
WARNING: [Vivado 12-584] No ports matched 'sw[9]'. [C:/Users/Tawatwee/Desktop/Hardware Syn Lab/Finalproject/2PlayerPong-HWLAB/2PlayerPong-HWLAB.srcs/constrs_1/imports/Hardware Syn Lab/Basys-3-Master.xdc:30]
CRITICAL WARNING: [Common 17-55] 'set_property' expects at least one object. [C:/Users/Tawatwee/Desktop/Hardware Syn Lab/Finalproject/2PlayerPong-HWLAB/2PlayerPong-HWLAB.srcs/constrs_1/imports/Hardware Syn Lab/Basys-3-Master.xdc:30]
Resolution: If [get_<value>] was used to populate the object, check to make sure this command returns at least one valid object.
WARNING: [Vivado 12-584] No ports matched 'sw[9]'. [C:/Users/Tawatwee/Desktop/Hardware Syn Lab/Finalproject/2PlayerPong-HWLAB/2PlayerPong-HWLAB.srcs/constrs_1/imports/Hardware Syn Lab/Basys-3-Master.xdc:31]
CRITICAL WARNING: [Common 17-55] 'set_property' expects at least one object. [C:/Users/Tawatwee/Desktop/Hardware Syn Lab/Finalproject/2PlayerPong-HWLAB/2PlayerPong-HWLAB.srcs/constrs_1/imports/Hardware Syn Lab/Basys-3-Master.xdc:31]
Resolution: If [get_<value>] was used to populate the object, check to make sure this command returns at least one valid object.
WARNING: [Vivado 12-584] No ports matched 'sw[10]'. [C:/Users/Tawatwee/Desktop/Hardware Syn Lab/Finalproject/2PlayerPong-HWLAB/2PlayerPong-HWLAB.srcs/constrs_1/imports/Hardware Syn Lab/Basys-3-Master.xdc:32]
CRITICAL WARNING: [Common 17-55] 'set_property' expects at least one object. [C:/Users/Tawatwee/Desktop/Hardware Syn Lab/Finalproject/2PlayerPong-HWLAB/2PlayerPong-HWLAB.srcs/constrs_1/imports/Hardware Syn Lab/Basys-3-Master.xdc:32]
Resolution: If [get_<value>] was used to populate the object, check to make sure this command returns at least one valid object.
WARNING: [Vivado 12-584] No ports matched 'sw[10]'. [C:/Users/Tawatwee/Desktop/Hardware Syn Lab/Finalproject/2PlayerPong-HWLAB/2PlayerPong-HWLAB.srcs/constrs_1/imports/Hardware Syn Lab/Basys-3-Master.xdc:33]
CRITICAL WARNING: [Common 17-55] 'set_property' expects at least one object. [C:/Users/Tawatwee/Desktop/Hardware Syn Lab/Finalproject/2PlayerPong-HWLAB/2PlayerPong-HWLAB.srcs/constrs_1/imports/Hardware Syn Lab/Basys-3-Master.xdc:33]
Resolution: If [get_<value>] was used to populate the object, check to make sure this command returns at least one valid object.
WARNING: [Vivado 12-584] No ports matched 'sw[11]'. [C:/Users/Tawatwee/Desktop/Hardware Syn Lab/Finalproject/2PlayerPong-HWLAB/2PlayerPong-HWLAB.srcs/constrs_1/imports/Hardware Syn Lab/Basys-3-Master.xdc:34]
CRITICAL WARNING: [Common 17-55] 'set_property' expects at least one object. [C:/Users/Tawatwee/Desktop/Hardware Syn Lab/Finalproject/2PlayerPong-HWLAB/2PlayerPong-HWLAB.srcs/constrs_1/imports/Hardware Syn Lab/Basys-3-Master.xdc:34]
Resolution: If [get_<value>] was used to populate the object, check to make sure this command returns at least one valid object.
WARNING: [Vivado 12-584] No ports matched 'sw[11]'. [C:/Users/Tawatwee/Desktop/Hardware Syn Lab/Finalproject/2PlayerPong-HWLAB/2PlayerPong-HWLAB.srcs/constrs_1/imports/Hardware Syn Lab/Basys-3-Master.xdc:35]
CRITICAL WARNING: [Common 17-55] 'set_property' expects at least one object. [C:/Users/Tawatwee/Desktop/Hardware Syn Lab/Finalproject/2PlayerPong-HWLAB/2PlayerPong-HWLAB.srcs/constrs_1/imports/Hardware Syn Lab/Basys-3-Master.xdc:35]
Resolution: If [get_<value>] was used to populate the object, check to make sure this command returns at least one valid object.
WARNING: [Vivado 12-584] No ports matched 'sw[12]'. [C:/Users/Tawatwee/Desktop/Hardware Syn Lab/Finalproject/2PlayerPong-HWLAB/2PlayerPong-HWLAB.srcs/constrs_1/imports/Hardware Syn Lab/Basys-3-Master.xdc:36]
CRITICAL WARNING: [Common 17-55] 'set_property' expects at least one object. [C:/Users/Tawatwee/Desktop/Hardware Syn Lab/Finalproject/2PlayerPong-HWLAB/2PlayerPong-HWLAB.srcs/constrs_1/imports/Hardware Syn Lab/Basys-3-Master.xdc:36]
Resolution: If [get_<value>] was used to populate the object, check to make sure this command returns at least one valid object.
WARNING: [Vivado 12-584] No ports matched 'sw[12]'. [C:/Users/Tawatwee/Desktop/Hardware Syn Lab/Finalproject/2PlayerPong-HWLAB/2PlayerPong-HWLAB.srcs/constrs_1/imports/Hardware Syn Lab/Basys-3-Master.xdc:37]
CRITICAL WARNING: [Common 17-55] 'set_property' expects at least one object. [C:/Users/Tawatwee/Desktop/Hardware Syn Lab/Finalproject/2PlayerPong-HWLAB/2PlayerPong-HWLAB.srcs/constrs_1/imports/Hardware Syn Lab/Basys-3-Master.xdc:37]
Resolution: If [get_<value>] was used to populate the object, check to make sure this command returns at least one valid object.
WARNING: [Vivado 12-584] No ports matched 'sw[13]'. [C:/Users/Tawatwee/Desktop/Hardware Syn Lab/Finalproject/2PlayerPong-HWLAB/2PlayerPong-HWLAB.srcs/constrs_1/imports/Hardware Syn Lab/Basys-3-Master.xdc:38]
CRITICAL WARNING: [Common 17-55] 'set_property' expects at least one object. [C:/Users/Tawatwee/Desktop/Hardware Syn Lab/Finalproject/2PlayerPong-HWLAB/2PlayerPong-HWLAB.srcs/constrs_1/imports/Hardware Syn Lab/Basys-3-Master.xdc:38]
Resolution: If [get_<value>] was used to populate the object, check to make sure this command returns at least one valid object.
WARNING: [Vivado 12-584] No ports matched 'sw[13]'. [C:/Users/Tawatwee/Desktop/Hardware Syn Lab/Finalproject/2PlayerPong-HWLAB/2PlayerPong-HWLAB.srcs/constrs_1/imports/Hardware Syn Lab/Basys-3-Master.xdc:39]
CRITICAL WARNING: [Common 17-55] 'set_property' expects at least one object. [C:/Users/Tawatwee/Desktop/Hardware Syn Lab/Finalproject/2PlayerPong-HWLAB/2PlayerPong-HWLAB.srcs/constrs_1/imports/Hardware Syn Lab/Basys-3-Master.xdc:39]
Resolution: If [get_<value>] was used to populate the object, check to make sure this command returns at least one valid object.
WARNING: [Vivado 12-584] No ports matched 'sw[14]'. [C:/Users/Tawatwee/Desktop/Hardware Syn Lab/Finalproject/2PlayerPong-HWLAB/2PlayerPong-HWLAB.srcs/constrs_1/imports/Hardware Syn Lab/Basys-3-Master.xdc:40]
CRITICAL WARNING: [Common 17-55] 'set_property' expects at least one object. [C:/Users/Tawatwee/Desktop/Hardware Syn Lab/Finalproject/2PlayerPong-HWLAB/2PlayerPong-HWLAB.srcs/constrs_1/imports/Hardware Syn Lab/Basys-3-Master.xdc:40]
Resolution: If [get_<value>] was used to populate the object, check to make sure this command returns at least one valid object.
WARNING: [Vivado 12-584] No ports matched 'sw[14]'. [C:/Users/Tawatwee/Desktop/Hardware Syn Lab/Finalproject/2PlayerPong-HWLAB/2PlayerPong-HWLAB.srcs/constrs_1/imports/Hardware Syn Lab/Basys-3-Master.xdc:41]
CRITICAL WARNING: [Common 17-55] 'set_property' expects at least one object. [C:/Users/Tawatwee/Desktop/Hardware Syn Lab/Finalproject/2PlayerPong-HWLAB/2PlayerPong-HWLAB.srcs/constrs_1/imports/Hardware Syn Lab/Basys-3-Master.xdc:41]
Resolution: If [get_<value>] was used to populate the object, check to make sure this command returns at least one valid object.
WARNING: [Vivado 12-584] No ports matched 'sw[15]'. [C:/Users/Tawatwee/Desktop/Hardware Syn Lab/Finalproject/2PlayerPong-HWLAB/2PlayerPong-HWLAB.srcs/constrs_1/imports/Hardware Syn Lab/Basys-3-Master.xdc:42]
CRITICAL WARNING: [Common 17-55] 'set_property' expects at least one object. [C:/Users/Tawatwee/Desktop/Hardware Syn Lab/Finalproject/2PlayerPong-HWLAB/2PlayerPong-HWLAB.srcs/constrs_1/imports/Hardware Syn Lab/Basys-3-Master.xdc:42]
Resolution: If [get_<value>] was used to populate the object, check to make sure this command returns at least one valid object.
WARNING: [Vivado 12-584] No ports matched 'sw[15]'. [C:/Users/Tawatwee/Desktop/Hardware Syn Lab/Finalproject/2PlayerPong-HWLAB/2PlayerPong-HWLAB.srcs/constrs_1/imports/Hardware Syn Lab/Basys-3-Master.xdc:43]
CRITICAL WARNING: [Common 17-55] 'set_property' expects at least one object. [C:/Users/Tawatwee/Desktop/Hardware Syn Lab/Finalproject/2PlayerPong-HWLAB/2PlayerPong-HWLAB.srcs/constrs_1/imports/Hardware Syn Lab/Basys-3-Master.xdc:43]
Resolution: If [get_<value>] was used to populate the object, check to make sure this command returns at least one valid object.
WARNING: [Vivado 12-584] No ports matched 'seg[0]'. [C:/Users/Tawatwee/Desktop/Hardware Syn Lab/Finalproject/2PlayerPong-HWLAB/2PlayerPong-HWLAB.srcs/constrs_1/imports/Hardware Syn Lab/Basys-3-Master.xdc:82]
CRITICAL WARNING: [Common 17-55] 'set_property' expects at least one object. [C:/Users/Tawatwee/Desktop/Hardware Syn Lab/Finalproject/2PlayerPong-HWLAB/2PlayerPong-HWLAB.srcs/constrs_1/imports/Hardware Syn Lab/Basys-3-Master.xdc:82]
Resolution: If [get_<value>] was used to populate the object, check to make sure this command returns at least one valid object.
WARNING: [Vivado 12-584] No ports matched 'seg[0]'. [C:/Users/Tawatwee/Desktop/Hardware Syn Lab/Finalproject/2PlayerPong-HWLAB/2PlayerPong-HWLAB.srcs/constrs_1/imports/Hardware Syn Lab/Basys-3-Master.xdc:83]
CRITICAL WARNING: [Common 17-55] 'set_property' expects at least one object. [C:/Users/Tawatwee/Desktop/Hardware Syn Lab/Finalproject/2PlayerPong-HWLAB/2PlayerPong-HWLAB.srcs/constrs_1/imports/Hardware Syn Lab/Basys-3-Master.xdc:83]
Resolution: If [get_<value>] was used to populate the object, check to make sure this command returns at least one valid object.
WARNING: [Vivado 12-584] No ports matched 'seg[1]'. [C:/Users/Tawatwee/Desktop/Hardware Syn Lab/Finalproject/2PlayerPong-HWLAB/2PlayerPong-HWLAB.srcs/constrs_1/imports/Hardware Syn Lab/Basys-3-Master.xdc:84]
CRITICAL WARNING: [Common 17-55] 'set_property' expects at least one object. [C:/Users/Tawatwee/Desktop/Hardware Syn Lab/Finalproject/2PlayerPong-HWLAB/2PlayerPong-HWLAB.srcs/constrs_1/imports/Hardware Syn Lab/Basys-3-Master.xdc:84]
Resolution: If [get_<value>] was used to populate the object, check to make sure this command returns at least one valid object.
WARNING: [Vivado 12-584] No ports matched 'seg[1]'. [C:/Users/Tawatwee/Desktop/Hardware Syn Lab/Finalproject/2PlayerPong-HWLAB/2PlayerPong-HWLAB.srcs/constrs_1/imports/Hardware Syn Lab/Basys-3-Master.xdc:85]
CRITICAL WARNING: [Common 17-55] 'set_property' expects at least one object. [C:/Users/Tawatwee/Desktop/Hardware Syn Lab/Finalproject/2PlayerPong-HWLAB/2PlayerPong-HWLAB.srcs/constrs_1/imports/Hardware Syn Lab/Basys-3-Master.xdc:85]
Resolution: If [get_<value>] was used to populate the object, check to make sure this command returns at least one valid object.
WARNING: [Vivado 12-584] No ports matched 'seg[2]'. [C:/Users/Tawatwee/Desktop/Hardware Syn Lab/Finalproject/2PlayerPong-HWLAB/2PlayerPong-HWLAB.srcs/constrs_1/imports/Hardware Syn Lab/Basys-3-Master.xdc:86]
CRITICAL WARNING: [Common 17-55] 'set_property' expects at least one object. [C:/Users/Tawatwee/Desktop/Hardware Syn Lab/Finalproject/2PlayerPong-HWLAB/2PlayerPong-HWLAB.srcs/constrs_1/imports/Hardware Syn Lab/Basys-3-Master.xdc:86]
Resolution: If [get_<value>] was used to populate the object, check to make sure this command returns at least one valid object.
WARNING: [Vivado 12-584] No ports matched 'seg[2]'. [C:/Users/Tawatwee/Desktop/Hardware Syn Lab/Finalproject/2PlayerPong-HWLAB/2PlayerPong-HWLAB.srcs/constrs_1/imports/Hardware Syn Lab/Basys-3-Master.xdc:87]
CRITICAL WARNING: [Common 17-55] 'set_property' expects at least one object. [C:/Users/Tawatwee/Desktop/Hardware Syn Lab/Finalproject/2PlayerPong-HWLAB/2PlayerPong-HWLAB.srcs/constrs_1/imports/Hardware Syn Lab/Basys-3-Master.xdc:87]
Resolution: If [get_<value>] was used to populate the object, check to make sure this command returns at least one valid object.
WARNING: [Vivado 12-584] No ports matched 'seg[3]'. [C:/Users/Tawatwee/Desktop/Hardware Syn Lab/Finalproject/2PlayerPong-HWLAB/2PlayerPong-HWLAB.srcs/constrs_1/imports/Hardware Syn Lab/Basys-3-Master.xdc:88]
CRITICAL WARNING: [Common 17-55] 'set_property' expects at least one object. [C:/Users/Tawatwee/Desktop/Hardware Syn Lab/Finalproject/2PlayerPong-HWLAB/2PlayerPong-HWLAB.srcs/constrs_1/imports/Hardware Syn Lab/Basys-3-Master.xdc:88]
Resolution: If [get_<value>] was used to populate the object, check to make sure this command returns at least one valid object.
WARNING: [Vivado 12-584] No ports matched 'seg[3]'. [C:/Users/Tawatwee/Desktop/Hardware Syn Lab/Finalproject/2PlayerPong-HWLAB/2PlayerPong-HWLAB.srcs/constrs_1/imports/Hardware Syn Lab/Basys-3-Master.xdc:89]
CRITICAL WARNING: [Common 17-55] 'set_property' expects at least one object. [C:/Users/Tawatwee/Desktop/Hardware Syn Lab/Finalproject/2PlayerPong-HWLAB/2PlayerPong-HWLAB.srcs/constrs_1/imports/Hardware Syn Lab/Basys-3-Master.xdc:89]
Resolution: If [get_<value>] was used to populate the object, check to make sure this command returns at least one valid object.
WARNING: [Vivado 12-584] No ports matched 'seg[4]'. [C:/Users/Tawatwee/Desktop/Hardware Syn Lab/Finalproject/2PlayerPong-HWLAB/2PlayerPong-HWLAB.srcs/constrs_1/imports/Hardware Syn Lab/Basys-3-Master.xdc:90]
CRITICAL WARNING: [Common 17-55] 'set_property' expects at least one object. [C:/Users/Tawatwee/Desktop/Hardware Syn Lab/Finalproject/2PlayerPong-HWLAB/2PlayerPong-HWLAB.srcs/constrs_1/imports/Hardware Syn Lab/Basys-3-Master.xdc:90]
Resolution: If [get_<value>] was used to populate the object, check to make sure this command returns at least one valid object.
WARNING: [Vivado 12-584] No ports matched 'seg[4]'. [C:/Users/Tawatwee/Desktop/Hardware Syn Lab/Finalproject/2PlayerPong-HWLAB/2PlayerPong-HWLAB.srcs/constrs_1/imports/Hardware Syn Lab/Basys-3-Master.xdc:91]
CRITICAL WARNING: [Common 17-55] 'set_property' expects at least one object. [C:/Users/Tawatwee/Desktop/Hardware Syn Lab/Finalproject/2PlayerPong-HWLAB/2PlayerPong-HWLAB.srcs/constrs_1/imports/Hardware Syn Lab/Basys-3-Master.xdc:91]
Resolution: If [get_<value>] was used to populate the object, check to make sure this command returns at least one valid object.
WARNING: [Vivado 12-584] No ports matched 'seg[5]'. [C:/Users/Tawatwee/Desktop/Hardware Syn Lab/Finalproject/2PlayerPong-HWLAB/2PlayerPong-HWLAB.srcs/constrs_1/imports/Hardware Syn Lab/Basys-3-Master.xdc:92]
CRITICAL WARNING: [Common 17-55] 'set_property' expects at least one object. [C:/Users/Tawatwee/Desktop/Hardware Syn Lab/Finalproject/2PlayerPong-HWLAB/2PlayerPong-HWLAB.srcs/constrs_1/imports/Hardware Syn Lab/Basys-3-Master.xdc:92]
Resolution: If [get_<value>] was used to populate the object, check to make sure this command returns at least one valid object.
WARNING: [Vivado 12-584] No ports matched 'seg[5]'. [C:/Users/Tawatwee/Desktop/Hardware Syn Lab/Finalproject/2PlayerPong-HWLAB/2PlayerPong-HWLAB.srcs/constrs_1/imports/Hardware Syn Lab/Basys-3-Master.xdc:93]
CRITICAL WARNING: [Common 17-55] 'set_property' expects at least one object. [C:/Users/Tawatwee/Desktop/Hardware Syn Lab/Finalproject/2PlayerPong-HWLAB/2PlayerPong-HWLAB.srcs/constrs_1/imports/Hardware Syn Lab/Basys-3-Master.xdc:93]
Resolution: If [get_<value>] was used to populate the object, check to make sure this command returns at least one valid object.
WARNING: [Vivado 12-584] No ports matched 'seg[6]'. [C:/Users/Tawatwee/Desktop/Hardware Syn Lab/Finalproject/2PlayerPong-HWLAB/2PlayerPong-HWLAB.srcs/constrs_1/imports/Hardware Syn Lab/Basys-3-Master.xdc:94]
CRITICAL WARNING: [Common 17-55] 'set_property' expects at least one object. [C:/Users/Tawatwee/Desktop/Hardware Syn Lab/Finalproject/2PlayerPong-HWLAB/2PlayerPong-HWLAB.srcs/constrs_1/imports/Hardware Syn Lab/Basys-3-Master.xdc:94]
Resolution: If [get_<value>] was used to populate the object, check to make sure this command returns at least one valid object.
WARNING: [Vivado 12-584] No ports matched 'seg[6]'. [C:/Users/Tawatwee/Desktop/Hardware Syn Lab/Finalproject/2PlayerPong-HWLAB/2PlayerPong-HWLAB.srcs/constrs_1/imports/Hardware Syn Lab/Basys-3-Master.xdc:95]
CRITICAL WARNING: [Common 17-55] 'set_property' expects at least one object. [C:/Users/Tawatwee/Desktop/Hardware Syn Lab/Finalproject/2PlayerPong-HWLAB/2PlayerPong-HWLAB.srcs/constrs_1/imports/Hardware Syn Lab/Basys-3-Master.xdc:95]
Resolution: If [get_<value>] was used to populate the object, check to make sure this command returns at least one valid object.
WARNING: [Vivado 12-584] No ports matched 'dp'. [C:/Users/Tawatwee/Desktop/Hardware Syn Lab/Finalproject/2PlayerPong-HWLAB/2PlayerPong-HWLAB.srcs/constrs_1/imports/Hardware Syn Lab/Basys-3-Master.xdc:97]
CRITICAL WARNING: [Common 17-55] 'set_property' expects at least one object. [C:/Users/Tawatwee/Desktop/Hardware Syn Lab/Finalproject/2PlayerPong-HWLAB/2PlayerPong-HWLAB.srcs/constrs_1/imports/Hardware Syn Lab/Basys-3-Master.xdc:97]
Resolution: If [get_<value>] was used to populate the object, check to make sure this command returns at least one valid object.
WARNING: [Vivado 12-584] No ports matched 'dp'. [C:/Users/Tawatwee/Desktop/Hardware Syn Lab/Finalproject/2PlayerPong-HWLAB/2PlayerPong-HWLAB.srcs/constrs_1/imports/Hardware Syn Lab/Basys-3-Master.xdc:98]
CRITICAL WARNING: [Common 17-55] 'set_property' expects at least one object. [C:/Users/Tawatwee/Desktop/Hardware Syn Lab/Finalproject/2PlayerPong-HWLAB/2PlayerPong-HWLAB.srcs/constrs_1/imports/Hardware Syn Lab/Basys-3-Master.xdc:98]
Resolution: If [get_<value>] was used to populate the object, check to make sure this command returns at least one valid object.
WARNING: [Vivado 12-584] No ports matched 'an[0]'. [C:/Users/Tawatwee/Desktop/Hardware Syn Lab/Finalproject/2PlayerPong-HWLAB/2PlayerPong-HWLAB.srcs/constrs_1/imports/Hardware Syn Lab/Basys-3-Master.xdc:100]
CRITICAL WARNING: [Common 17-55] 'set_property' expects at least one object. [C:/Users/Tawatwee/Desktop/Hardware Syn Lab/Finalproject/2PlayerPong-HWLAB/2PlayerPong-HWLAB.srcs/constrs_1/imports/Hardware Syn Lab/Basys-3-Master.xdc:100]
Resolution: If [get_<value>] was used to populate the object, check to make sure this command returns at least one valid object.
WARNING: [Vivado 12-584] No ports matched 'an[0]'. [C:/Users/Tawatwee/Desktop/Hardware Syn Lab/Finalproject/2PlayerPong-HWLAB/2PlayerPong-HWLAB.srcs/constrs_1/imports/Hardware Syn Lab/Basys-3-Master.xdc:101]
CRITICAL WARNING: [Common 17-55] 'set_property' expects at least one object. [C:/Users/Tawatwee/Desktop/Hardware Syn Lab/Finalproject/2PlayerPong-HWLAB/2PlayerPong-HWLAB.srcs/constrs_1/imports/Hardware Syn Lab/Basys-3-Master.xdc:101]
Resolution: If [get_<value>] was used to populate the object, check to make sure this command returns at least one valid object.
WARNING: [Vivado 12-584] No ports matched 'an[1]'. [C:/Users/Tawatwee/Desktop/Hardware Syn Lab/Finalproject/2PlayerPong-HWLAB/2PlayerPong-HWLAB.srcs/constrs_1/imports/Hardware Syn Lab/Basys-3-Master.xdc:102]
CRITICAL WARNING: [Common 17-55] 'set_property' expects at least one object. [C:/Users/Tawatwee/Desktop/Hardware Syn Lab/Finalproject/2PlayerPong-HWLAB/2PlayerPong-HWLAB.srcs/constrs_1/imports/Hardware Syn Lab/Basys-3-Master.xdc:102]
Resolution: If [get_<value>] was used to populate the object, check to make sure this command returns at least one valid object.
WARNING: [Vivado 12-584] No ports matched 'an[1]'. [C:/Users/Tawatwee/Desktop/Hardware Syn Lab/Finalproject/2PlayerPong-HWLAB/2PlayerPong-HWLAB.srcs/constrs_1/imports/Hardware Syn Lab/Basys-3-Master.xdc:103]
CRITICAL WARNING: [Common 17-55] 'set_property' expects at least one object. [C:/Users/Tawatwee/Desktop/Hardware Syn Lab/Finalproject/2PlayerPong-HWLAB/2PlayerPong-HWLAB.srcs/constrs_1/imports/Hardware Syn Lab/Basys-3-Master.xdc:103]
Resolution: If [get_<value>] was used to populate the object, check to make sure this command returns at least one valid object.
WARNING: [Vivado 12-584] No ports matched 'an[2]'. [C:/Users/Tawatwee/Desktop/Hardware Syn Lab/Finalproject/2PlayerPong-HWLAB/2PlayerPong-HWLAB.srcs/constrs_1/imports/Hardware Syn Lab/Basys-3-Master.xdc:104]
CRITICAL WARNING: [Common 17-55] 'set_property' expects at least one object. [C:/Users/Tawatwee/Desktop/Hardware Syn Lab/Finalproject/2PlayerPong-HWLAB/2PlayerPong-HWLAB.srcs/constrs_1/imports/Hardware Syn Lab/Basys-3-Master.xdc:104]
Resolution: If [get_<value>] was used to populate the object, check to make sure this command returns at least one valid object.
WARNING: [Vivado 12-584] No ports matched 'an[2]'. [C:/Users/Tawatwee/Desktop/Hardware Syn Lab/Finalproject/2PlayerPong-HWLAB/2PlayerPong-HWLAB.srcs/constrs_1/imports/Hardware Syn Lab/Basys-3-Master.xdc:105]
CRITICAL WARNING: [Common 17-55] 'set_property' expects at least one object. [C:/Users/Tawatwee/Desktop/Hardware Syn Lab/Finalproject/2PlayerPong-HWLAB/2PlayerPong-HWLAB.srcs/constrs_1/imports/Hardware Syn Lab/Basys-3-Master.xdc:105]
Resolution: If [get_<value>] was used to populate the object, check to make sure this command returns at least one valid object.
WARNING: [Vivado 12-584] No ports matched 'an[3]'. [C:/Users/Tawatwee/Desktop/Hardware Syn Lab/Finalproject/2PlayerPong-HWLAB/2PlayerPong-HWLAB.srcs/constrs_1/imports/Hardware Syn Lab/Basys-3-Master.xdc:106]
CRITICAL WARNING: [Common 17-55] 'set_property' expects at least one object. [C:/Users/Tawatwee/Desktop/Hardware Syn Lab/Finalproject/2PlayerPong-HWLAB/2PlayerPong-HWLAB.srcs/constrs_1/imports/Hardware Syn Lab/Basys-3-Master.xdc:106]
Resolution: If [get_<value>] was used to populate the object, check to make sure this command returns at least one valid object.
WARNING: [Vivado 12-584] No ports matched 'an[3]'. [C:/Users/Tawatwee/Desktop/Hardware Syn Lab/Finalproject/2PlayerPong-HWLAB/2PlayerPong-HWLAB.srcs/constrs_1/imports/Hardware Syn Lab/Basys-3-Master.xdc:107]
CRITICAL WARNING: [Common 17-55] 'set_property' expects at least one object. [C:/Users/Tawatwee/Desktop/Hardware Syn Lab/Finalproject/2PlayerPong-HWLAB/2PlayerPong-HWLAB.srcs/constrs_1/imports/Hardware Syn Lab/Basys-3-Master.xdc:107]
Resolution: If [get_<value>] was used to populate the object, check to make sure this command returns at least one valid object.
WARNING: [Vivado 12-584] No ports matched 'btnU'. [C:/Users/Tawatwee/Desktop/Hardware Syn Lab/Finalproject/2PlayerPong-HWLAB/2PlayerPong-HWLAB.srcs/constrs_1/imports/Hardware Syn Lab/Basys-3-Master.xdc:113]
CRITICAL WARNING: [Common 17-55] 'set_property' expects at least one object. [C:/Users/Tawatwee/Desktop/Hardware Syn Lab/Finalproject/2PlayerPong-HWLAB/2PlayerPong-HWLAB.srcs/constrs_1/imports/Hardware Syn Lab/Basys-3-Master.xdc:113]
Resolution: If [get_<value>] was used to populate the object, check to make sure this command returns at least one valid object.
WARNING: [Vivado 12-584] No ports matched 'btnU'. [C:/Users/Tawatwee/Desktop/Hardware Syn Lab/Finalproject/2PlayerPong-HWLAB/2PlayerPong-HWLAB.srcs/constrs_1/imports/Hardware Syn Lab/Basys-3-Master.xdc:114]
CRITICAL WARNING: [Common 17-55] 'set_property' expects at least one object. [C:/Users/Tawatwee/Desktop/Hardware Syn Lab/Finalproject/2PlayerPong-HWLAB/2PlayerPong-HWLAB.srcs/constrs_1/imports/Hardware Syn Lab/Basys-3-Master.xdc:114]
Resolution: If [get_<value>] was used to populate the object, check to make sure this command returns at least one valid object.
WARNING: [Vivado 12-584] No ports matched 'btnL'. [C:/Users/Tawatwee/Desktop/Hardware Syn Lab/Finalproject/2PlayerPong-HWLAB/2PlayerPong-HWLAB.srcs/constrs_1/imports/Hardware Syn Lab/Basys-3-Master.xdc:115]
CRITICAL WARNING: [Common 17-55] 'set_property' expects at least one object. [C:/Users/Tawatwee/Desktop/Hardware Syn Lab/Finalproject/2PlayerPong-HWLAB/2PlayerPong-HWLAB.srcs/constrs_1/imports/Hardware Syn Lab/Basys-3-Master.xdc:115]
Resolution: If [get_<value>] was used to populate the object, check to make sure this command returns at least one valid object.
WARNING: [Vivado 12-584] No ports matched 'btnL'. [C:/Users/Tawatwee/Desktop/Hardware Syn Lab/Finalproject/2PlayerPong-HWLAB/2PlayerPong-HWLAB.srcs/constrs_1/imports/Hardware Syn Lab/Basys-3-Master.xdc:116]
CRITICAL WARNING: [Common 17-55] 'set_property' expects at least one object. [C:/Users/Tawatwee/Desktop/Hardware Syn Lab/Finalproject/2PlayerPong-HWLAB/2PlayerPong-HWLAB.srcs/constrs_1/imports/Hardware Syn Lab/Basys-3-Master.xdc:116]
Resolution: If [get_<value>] was used to populate the object, check to make sure this command returns at least one valid object.
WARNING: [Vivado 12-584] No ports matched 'btnR'. [C:/Users/Tawatwee/Desktop/Hardware Syn Lab/Finalproject/2PlayerPong-HWLAB/2PlayerPong-HWLAB.srcs/constrs_1/imports/Hardware Syn Lab/Basys-3-Master.xdc:117]
CRITICAL WARNING: [Common 17-55] 'set_property' expects at least one object. [C:/Users/Tawatwee/Desktop/Hardware Syn Lab/Finalproject/2PlayerPong-HWLAB/2PlayerPong-HWLAB.srcs/constrs_1/imports/Hardware Syn Lab/Basys-3-Master.xdc:117]
Resolution: If [get_<value>] was used to populate the object, check to make sure this command returns at least one valid object.
WARNING: [Vivado 12-584] No ports matched 'btnR'. [C:/Users/Tawatwee/Desktop/Hardware Syn Lab/Finalproject/2PlayerPong-HWLAB/2PlayerPong-HWLAB.srcs/constrs_1/imports/Hardware Syn Lab/Basys-3-Master.xdc:118]
CRITICAL WARNING: [Common 17-55] 'set_property' expects at least one object. [C:/Users/Tawatwee/Desktop/Hardware Syn Lab/Finalproject/2PlayerPong-HWLAB/2PlayerPong-HWLAB.srcs/constrs_1/imports/Hardware Syn Lab/Basys-3-Master.xdc:118]
Resolution: If [get_<value>] was used to populate the object, check to make sure this command returns at least one valid object.
WARNING: [Vivado 12-584] No ports matched 'btnD'. [C:/Users/Tawatwee/Desktop/Hardware Syn Lab/Finalproject/2PlayerPong-HWLAB/2PlayerPong-HWLAB.srcs/constrs_1/imports/Hardware Syn Lab/Basys-3-Master.xdc:119]
CRITICAL WARNING: [Common 17-55] 'set_property' expects at least one object. [C:/Users/Tawatwee/Desktop/Hardware Syn Lab/Finalproject/2PlayerPong-HWLAB/2PlayerPong-HWLAB.srcs/constrs_1/imports/Hardware Syn Lab/Basys-3-Master.xdc:119]
Resolution: If [get_<value>] was used to populate the object, check to make sure this command returns at least one valid object.
WARNING: [Vivado 12-584] No ports matched 'btnD'. [C:/Users/Tawatwee/Desktop/Hardware Syn Lab/Finalproject/2PlayerPong-HWLAB/2PlayerPong-HWLAB.srcs/constrs_1/imports/Hardware Syn Lab/Basys-3-Master.xdc:120]
CRITICAL WARNING: [Common 17-55] 'set_property' expects at least one object. [C:/Users/Tawatwee/Desktop/Hardware Syn Lab/Finalproject/2PlayerPong-HWLAB/2PlayerPong-HWLAB.srcs/constrs_1/imports/Hardware Syn Lab/Basys-3-Master.xdc:120]
Resolution: If [get_<value>] was used to populate the object, check to make sure this command returns at least one valid object.
WARNING: [Vivado 12-584] No ports matched 'RsRx'. [C:/Users/Tawatwee/Desktop/Hardware Syn Lab/Finalproject/2PlayerPong-HWLAB/2PlayerPong-HWLAB.srcs/constrs_1/imports/Hardware Syn Lab/Basys-3-Master.xdc:267]
CRITICAL WARNING: [Common 17-55] 'set_property' expects at least one object. [C:/Users/Tawatwee/Desktop/Hardware Syn Lab/Finalproject/2PlayerPong-HWLAB/2PlayerPong-HWLAB.srcs/constrs_1/imports/Hardware Syn Lab/Basys-3-Master.xdc:267]
Resolution: If [get_<value>] was used to populate the object, check to make sure this command returns at least one valid object.
WARNING: [Vivado 12-584] No ports matched 'RsRx'. [C:/Users/Tawatwee/Desktop/Hardware Syn Lab/Finalproject/2PlayerPong-HWLAB/2PlayerPong-HWLAB.srcs/constrs_1/imports/Hardware Syn Lab/Basys-3-Master.xdc:268]
CRITICAL WARNING: [Common 17-55] 'set_property' expects at least one object. [C:/Users/Tawatwee/Desktop/Hardware Syn Lab/Finalproject/2PlayerPong-HWLAB/2PlayerPong-HWLAB.srcs/constrs_1/imports/Hardware Syn Lab/Basys-3-Master.xdc:268]
Resolution: If [get_<value>] was used to populate the object, check to make sure this command returns at least one valid object.
WARNING: [Vivado 12-584] No ports matched 'RsTx'. [C:/Users/Tawatwee/Desktop/Hardware Syn Lab/Finalproject/2PlayerPong-HWLAB/2PlayerPong-HWLAB.srcs/constrs_1/imports/Hardware Syn Lab/Basys-3-Master.xdc:269]
CRITICAL WARNING: [Common 17-55] 'set_property' expects at least one object. [C:/Users/Tawatwee/Desktop/Hardware Syn Lab/Finalproject/2PlayerPong-HWLAB/2PlayerPong-HWLAB.srcs/constrs_1/imports/Hardware Syn Lab/Basys-3-Master.xdc:269]
Resolution: If [get_<value>] was used to populate the object, check to make sure this command returns at least one valid object.
WARNING: [Vivado 12-584] No ports matched 'RsTx'. [C:/Users/Tawatwee/Desktop/Hardware Syn Lab/Finalproject/2PlayerPong-HWLAB/2PlayerPong-HWLAB.srcs/constrs_1/imports/Hardware Syn Lab/Basys-3-Master.xdc:270]
CRITICAL WARNING: [Common 17-55] 'set_property' expects at least one object. [C:/Users/Tawatwee/Desktop/Hardware Syn Lab/Finalproject/2PlayerPong-HWLAB/2PlayerPong-HWLAB.srcs/constrs_1/imports/Hardware Syn Lab/Basys-3-Master.xdc:270]
Resolution: If [get_<value>] was used to populate the object, check to make sure this command returns at least one valid object.
WARNING: [Vivado 12-584] No ports matched 'PS2Clk'. [C:/Users/Tawatwee/Desktop/Hardware Syn Lab/Finalproject/2PlayerPong-HWLAB/2PlayerPong-HWLAB.srcs/constrs_1/imports/Hardware Syn Lab/Basys-3-Master.xdc:274]
CRITICAL WARNING: [Common 17-55] 'set_property' expects at least one object. [C:/Users/Tawatwee/Desktop/Hardware Syn Lab/Finalproject/2PlayerPong-HWLAB/2PlayerPong-HWLAB.srcs/constrs_1/imports/Hardware Syn Lab/Basys-3-Master.xdc:274]
Resolution: If [get_<value>] was used to populate the object, check to make sure this command returns at least one valid object.
WARNING: [Vivado 12-584] No ports matched 'PS2Clk'. [C:/Users/Tawatwee/Desktop/Hardware Syn Lab/Finalproject/2PlayerPong-HWLAB/2PlayerPong-HWLAB.srcs/constrs_1/imports/Hardware Syn Lab/Basys-3-Master.xdc:275]
CRITICAL WARNING: [Common 17-55] 'set_property' expects at least one object. [C:/Users/Tawatwee/Desktop/Hardware Syn Lab/Finalproject/2PlayerPong-HWLAB/2PlayerPong-HWLAB.srcs/constrs_1/imports/Hardware Syn Lab/Basys-3-Master.xdc:275]
Resolution: If [get_<value>] was used to populate the object, check to make sure this command returns at least one valid object.
WARNING: [Vivado 12-584] No ports matched 'PS2Clk'. [C:/Users/Tawatwee/Desktop/Hardware Syn Lab/Finalproject/2PlayerPong-HWLAB/2PlayerPong-HWLAB.srcs/constrs_1/imports/Hardware Syn Lab/Basys-3-Master.xdc:276]
CRITICAL WARNING: [Common 17-55] 'set_property' expects at least one object. [C:/Users/Tawatwee/Desktop/Hardware Syn Lab/Finalproject/2PlayerPong-HWLAB/2PlayerPong-HWLAB.srcs/constrs_1/imports/Hardware Syn Lab/Basys-3-Master.xdc:276]
Resolution: If [get_<value>] was used to populate the object, check to make sure this command returns at least one valid object.
WARNING: [Vivado 12-584] No ports matched 'PS2Data'. [C:/Users/Tawatwee/Desktop/Hardware Syn Lab/Finalproject/2PlayerPong-HWLAB/2PlayerPong-HWLAB.srcs/constrs_1/imports/Hardware Syn Lab/Basys-3-Master.xdc:277]
CRITICAL WARNING: [Common 17-55] 'set_property' expects at least one object. [C:/Users/Tawatwee/Desktop/Hardware Syn Lab/Finalproject/2PlayerPong-HWLAB/2PlayerPong-HWLAB.srcs/constrs_1/imports/Hardware Syn Lab/Basys-3-Master.xdc:277]
Resolution: If [get_<value>] was used to populate the object, check to make sure this command returns at least one valid object.
WARNING: [Vivado 12-584] No ports matched 'PS2Data'. [C:/Users/Tawatwee/Desktop/Hardware Syn Lab/Finalproject/2PlayerPong-HWLAB/2PlayerPong-HWLAB.srcs/constrs_1/imports/Hardware Syn Lab/Basys-3-Master.xdc:278]
CRITICAL WARNING: [Common 17-55] 'set_property' expects at least one object. [C:/Users/Tawatwee/Desktop/Hardware Syn Lab/Finalproject/2PlayerPong-HWLAB/2PlayerPong-HWLAB.srcs/constrs_1/imports/Hardware Syn Lab/Basys-3-Master.xdc:278]
Resolution: If [get_<value>] was used to populate the object, check to make sure this command returns at least one valid object.
WARNING: [Vivado 12-584] No ports matched 'PS2Data'. [C:/Users/Tawatwee/Desktop/Hardware Syn Lab/Finalproject/2PlayerPong-HWLAB/2PlayerPong-HWLAB.srcs/constrs_1/imports/Hardware Syn Lab/Basys-3-Master.xdc:279]
CRITICAL WARNING: [Common 17-55] 'set_property' expects at least one object. [C:/Users/Tawatwee/Desktop/Hardware Syn Lab/Finalproject/2PlayerPong-HWLAB/2PlayerPong-HWLAB.srcs/constrs_1/imports/Hardware Syn Lab/Basys-3-Master.xdc:279]
Resolution: If [get_<value>] was used to populate the object, check to make sure this command returns at least one valid object.
Finished Parsing XDC File [C:/Users/Tawatwee/Desktop/Hardware Syn Lab/Finalproject/2PlayerPong-HWLAB/2PlayerPong-HWLAB.srcs/constrs_1/imports/Hardware Syn Lab/Basys-3-Master.xdc]
INFO: [Opt 31-138] Pushed 0 inverter(s) to 0 load pin(s).
Netlist sorting complete. Time (s): cpu = 00:00:00 ; elapsed = 00:00:00.004 . Memory (MB): peak = 1021.504 ; gain = 0.000
INFO: [Project 1-111] Unisim Transformation Summary:
No Unisim elements were transformed.

7 Infos, 75 Warnings, 74 Critical Warnings and 0 Errors encountered.
link_design completed successfully
link_design: Time (s): cpu = 00:00:04 ; elapsed = 00:00:12 . Memory (MB): peak = 1021.504 ; gain = 554.367
Command: opt_design
Attempting to get a license for feature 'Implementation' and/or device 'xc7a35t'
INFO: [Common 17-349] Got license for feature 'Implementation' and/or device 'xc7a35t'
Running DRC as a precondition to command opt_design

Starting DRC Task
INFO: [DRC 23-27] Running DRC with 2 threads
INFO: [Project 1-461] DRC finished with 0 Errors
INFO: [Project 1-462] Please refer to the DRC report (report_drc) for more information.

Time (s): cpu = 00:00:01 ; elapsed = 00:00:02 . Memory (MB): peak = 1043.477 ; gain = 21.973

Starting Cache Timing Information Task
INFO: [Timing 38-35] Done setting XDC timing constraints.
Ending Cache Timing Information Task | Checksum: 1bffc1ec1

Time (s): cpu = 00:00:04 ; elapsed = 00:00:10 . Memory (MB): peak = 1559.879 ; gain = 516.402

Starting Logic Optimization Task

Phase 1 Retarget
INFO: [Opt 31-138] Pushed 0 inverter(s) to 0 load pin(s).
INFO: [Opt 31-49] Retargeted 0 cell(s).
Phase 1 Retarget | Checksum: 29fba10db

Time (s): cpu = 00:00:00 ; elapsed = 00:00:00.673 . Memory (MB): peak = 1897.504 ; gain = 0.000
INFO: [Opt 31-389] Phase Retarget created 7 cells and removed 7 cells

Phase 2 Constant propagation
INFO: [Opt 31-138] Pushed 0 inverter(s) to 0 load pin(s).
Phase 2 Constant propagation | Checksum: 23f199faa

Time (s): cpu = 00:00:00 ; elapsed = 00:00:00.839 . Memory (MB): peak = 1897.504 ; gain = 0.000
INFO: [Opt 31-389] Phase Constant propagation created 0 cells and removed 0 cells

Phase 3 Sweep
Phase 3 Sweep | Checksum: 27ca2c1ba

Time (s): cpu = 00:00:01 ; elapsed = 00:00:01 . Memory (MB): peak = 1897.504 ; gain = 0.000
INFO: [Opt 31-389] Phase Sweep created 0 cells and removed 0 cells

Phase 4 BUFG optimization
Phase 4 BUFG optimization | Checksum: 27ca2c1ba

Time (s): cpu = 00:00:01 ; elapsed = 00:00:01 . Memory (MB): peak = 1897.504 ; gain = 0.000
INFO: [Opt 31-662] Phase BUFG optimization created 0 cells of which 0 are BUFGs and removed 0 cells.

Phase 5 Shift Register Optimization
INFO: [Opt 31-1064] SRL Remap converted 0 SRLs to 0 registers and converted 0 registers of register chains to 0 SRLs
Phase 5 Shift Register Optimization | Checksum: 1a6924929

Time (s): cpu = 00:00:01 ; elapsed = 00:00:02 . Memory (MB): peak = 1897.504 ; gain = 0.000
INFO: [Opt 31-389] Phase Shift Register Optimization created 0 cells and removed 0 cells

Phase 6 Post Processing Netlist
Phase 6 Post Processing Netlist | Checksum: 1a6924929

Time (s): cpu = 00:00:01 ; elapsed = 00:00:02 . Memory (MB): peak = 1897.504 ; gain = 0.000
INFO: [Opt 31-389] Phase Post Processing Netlist created 0 cells and removed 0 cells
Opt_design Change Summary
=========================


-------------------------------------------------------------------------------------------------------------------------
|  Phase                        |  #Cells created  |  #Cells Removed  |  #Constrained objects preventing optimizations  |
-------------------------------------------------------------------------------------------------------------------------
|  Retarget                     |               7  |               7  |                                              0  |
|  Constant propagation         |               0  |               0  |                                              0  |
|  Sweep                        |               0  |               0  |                                              0  |
|  BUFG optimization            |               0  |               0  |                                              0  |
|  Shift Register Optimization  |               0  |               0  |                                              0  |
|  Post Processing Netlist      |               0  |               0  |                                              0  |
-------------------------------------------------------------------------------------------------------------------------



Starting Connectivity Check Task

Time (s): cpu = 00:00:00 ; elapsed = 00:00:00.047 . Memory (MB): peak = 1897.504 ; gain = 0.000
Ending Logic Optimization Task | Checksum: 1a6924929

Time (s): cpu = 00:00:01 ; elapsed = 00:00:02 . Memory (MB): peak = 1897.504 ; gain = 0.000

Starting Power Optimization Task
INFO: [Pwropt 34-132] Skipping clock gating for clocks with a period < 2.00 ns.
Ending Power Optimization Task | Checksum: 1a6924929

Time (s): cpu = 00:00:00 ; elapsed = 00:00:00.026 . Memory (MB): peak = 1897.504 ; gain = 0.000

Starting Final Cleanup Task
Ending Final Cleanup Task | Checksum: 1a6924929

Time (s): cpu = 00:00:00 ; elapsed = 00:00:00.004 . Memory (MB): peak = 1897.504 ; gain = 0.000

Starting Netlist Obfuscation Task
Netlist sorting complete. Time (s): cpu = 00:00:00 ; elapsed = 00:00:00.004 . Memory (MB): peak = 1897.504 ; gain = 0.000
Ending Netlist Obfuscation Task | Checksum: 1a6924929

Time (s): cpu = 00:00:00 ; elapsed = 00:00:00.009 . Memory (MB): peak = 1897.504 ; gain = 0.000
INFO: [Common 17-83] Releasing license: Implementation
24 Infos, 75 Warnings, 74 Critical Warnings and 0 Errors encountered.
opt_design completed successfully
opt_design: Time (s): cpu = 00:00:08 ; elapsed = 00:00:18 . Memory (MB): peak = 1897.504 ; gain = 876.000
INFO: [runtcl-4] Executing : report_drc -file vga_test_drc_opted.rpt -pb vga_test_drc_opted.pb -rpx vga_test_drc_opted.rpx
Command: report_drc -file vga_test_drc_opted.rpt -pb vga_test_drc_opted.pb -rpx vga_test_drc_opted.rpx
INFO: [IP_Flow 19-234] Refreshing IP repositories
INFO: [IP_Flow 19-1704] No user IP repositories specified
INFO: [IP_Flow 19-2313] Loaded Vivado IP repository 'C:/Xilinx/Vivado/2023.1/data/ip'.
INFO: [DRC 23-27] Running DRC with 2 threads
INFO: [Vivado_Tcl 2-168] The results of DRC are in file C:/Users/Tawatwee/Desktop/Hardware Syn Lab/Finalproject/2PlayerPong-HWLAB/2PlayerPong-HWLAB.runs/impl_1/vga_test_drc_opted.rpt.
report_drc completed successfully
INFO: [Timing 38-480] Writing timing data to binary archive.
Writing XDEF routing.
Writing XDEF routing logical nets.
Writing XDEF routing special nets.
Write XDEF Complete: Time (s): cpu = 00:00:01 ; elapsed = 00:00:00.068 . Memory (MB): peak = 1897.504 ; gain = 0.000
INFO: [Common 17-1381] The checkpoint 'C:/Users/Tawatwee/Desktop/Hardware Syn Lab/Finalproject/2PlayerPong-HWLAB/2PlayerPong-HWLAB.runs/impl_1/vga_test_opt.dcp' has been generated.
Command: place_design
Attempting to get a license for feature 'Implementation' and/or device 'xc7a35t'
INFO: [Common 17-349] Got license for feature 'Implementation' and/or device 'xc7a35t'
INFO: [DRC 23-27] Running DRC with 2 threads
INFO: [Vivado_Tcl 4-198] DRC finished with 0 Errors
INFO: [Vivado_Tcl 4-199] Please refer to the DRC report (report_drc) for more information.
Running DRC as a precondition to command place_design
INFO: [DRC 23-27] Running DRC with 2 threads
INFO: [Vivado_Tcl 4-198] DRC finished with 0 Errors
INFO: [Vivado_Tcl 4-199] Please refer to the DRC report (report_drc) for more information.

Starting Placer Task
INFO: [Place 30-611] Multithreading enabled for place_design using a maximum of 2 CPUs

Phase 1 Placer Initialization

Phase 1.1 Placer Initialization Netlist Sorting
Netlist sorting complete. Time (s): cpu = 00:00:00 ; elapsed = 00:00:00.005 . Memory (MB): peak = 1897.504 ; gain = 0.000
Phase 1.1 Placer Initialization Netlist Sorting | Checksum: 1793d4fc3

Time (s): cpu = 00:00:00 ; elapsed = 00:00:00.015 . Memory (MB): peak = 1897.504 ; gain = 0.000
Netlist sorting complete. Time (s): cpu = 00:00:00 ; elapsed = 00:00:00.004 . Memory (MB): peak = 1897.504 ; gain = 0.000

Phase 1.2 IO Placement/ Clock Placement/ Build Placer Device
INFO: [Timing 38-35] Done setting XDC timing constraints.
Phase 1.2 IO Placement/ Clock Placement/ Build Placer Device | Checksum: c497c738

Time (s): cpu = 00:00:01 ; elapsed = 00:00:01 . Memory (MB): peak = 1897.504 ; gain = 0.000

Phase 1.3 Build Placer Netlist Model
Phase 1.3 Build Placer Netlist Model | Checksum: 1276f2c60

Time (s): cpu = 00:00:03 ; elapsed = 00:00:05 . Memory (MB): peak = 1902.484 ; gain = 4.980

Phase 1.4 Constrain Clocks/Macros
Phase 1.4 Constrain Clocks/Macros | Checksum: 1276f2c60

Time (s): cpu = 00:00:03 ; elapsed = 00:00:05 . Memory (MB): peak = 1902.484 ; gain = 4.980
Phase 1 Placer Initialization | Checksum: 1276f2c60

Time (s): cpu = 00:00:03 ; elapsed = 00:00:05 . Memory (MB): peak = 1902.484 ; gain = 4.980

Phase 2 Global Placement

Phase 2.1 Floorplanning
Phase 2.1 Floorplanning | Checksum: 152ceb896

Time (s): cpu = 00:00:03 ; elapsed = 00:00:05 . Memory (MB): peak = 1902.484 ; gain = 4.980

Phase 2.2 Update Timing before SLR Path Opt
Phase 2.2 Update Timing before SLR Path Opt | Checksum: 181a3fde3

Time (s): cpu = 00:00:03 ; elapsed = 00:00:05 . Memory (MB): peak = 1902.484 ; gain = 4.980

Phase 2.3 Post-Processing in Floorplanning
Phase 2.3 Post-Processing in Floorplanning | Checksum: 181a3fde3

Time (s): cpu = 00:00:03 ; elapsed = 00:00:05 . Memory (MB): peak = 1902.484 ; gain = 4.980

Phase 2.4 Global Placement Core

Phase 2.4.1 UpdateTiming Before Physical Synthesis
Phase 2.4.1 UpdateTiming Before Physical Synthesis | Checksum: 15f5ef2cd

Time (s): cpu = 00:00:06 ; elapsed = 00:00:11 . Memory (MB): peak = 1902.484 ; gain = 4.980

Phase 2.4.2 Physical Synthesis In Placer
INFO: [Physopt 32-1035] Found 0 LUTNM shape to break, 24 LUT instances to create LUTNM shape
INFO: [Physopt 32-1044] Break lutnm for timing: one critical 0, two critical 0, total 0, new lutff created 0
INFO: [Physopt 32-1138] End 1 Pass. Optimized 11 nets or LUTs. Breaked 0 LUT, combined 11 existing LUTs and moved 0 existing LUT
INFO: [Physopt 32-65] No nets found for high-fanout optimization.
INFO: [Physopt 32-232] Optimized 0 net. Created 0 new instance.
INFO: [Physopt 32-775] End 1 Pass. Optimized 0 net or cell. Created 0 new cell, deleted 0 existing cell and moved 0 existing cell
INFO: [Physopt 32-670] No setup violation found.  DSP Register Optimization was not performed.
INFO: [Physopt 32-670] No setup violation found.  Shift Register to Pipeline Optimization was not performed.
INFO: [Physopt 32-670] No setup violation found.  Shift Register Optimization was not performed.
INFO: [Physopt 32-670] No setup violation found.  BRAM Register Optimization was not performed.
INFO: [Physopt 32-670] No setup violation found.  URAM Register Optimization was not performed.
INFO: [Physopt 32-949] No candidate nets found for dynamic/static region interface net replication
INFO: [Physopt 32-775] End 1 Pass. Optimized 0 net or cell. Created 0 new cell, deleted 0 existing cell and moved 0 existing cell
Netlist sorting complete. Time (s): cpu = 00:00:00 ; elapsed = 00:00:00.005 . Memory (MB): peak = 1902.484 ; gain = 0.000

Summary of Physical Synthesis Optimizations
============================================


-----------------------------------------------------------------------------------------------------------------------------------------------------------
|  Optimization                                     |  Added Cells  |  Removed Cells  |  Optimized Cells/Nets  |  Dont Touch  |  Iterations  |  Elapsed   |
-----------------------------------------------------------------------------------------------------------------------------------------------------------
|  LUT Combining                                    |            0  |             11  |                    11  |           0  |           1  |  00:00:00  |
|  Retime                                           |            0  |              0  |                     0  |           0  |           1  |  00:00:00  |
|  Very High Fanout                                 |            0  |              0  |                     0  |           0  |           1  |  00:00:00  |
|  DSP Register                                     |            0  |              0  |                     0  |           0  |           0  |  00:00:00  |
|  Shift Register to Pipeline                       |            0  |              0  |                     0  |           0  |           0  |  00:00:00  |
|  Shift Register                                   |            0  |              0  |                     0  |           0  |           0  |  00:00:00  |
|  BRAM Register                                    |            0  |              0  |                     0  |           0  |           0  |  00:00:00  |
|  URAM Register                                    |            0  |              0  |                     0  |           0  |           0  |  00:00:00  |
|  Dynamic/Static Region Interface Net Replication  |            0  |              0  |                     0  |           0  |           1  |  00:00:00  |
|  Total                                            |            0  |             11  |                    11  |           0  |           4  |  00:00:00  |
-----------------------------------------------------------------------------------------------------------------------------------------------------------


Phase 2.4.2 Physical Synthesis In Placer | Checksum: 1b3bd5859

Time (s): cpu = 00:00:06 ; elapsed = 00:00:12 . Memory (MB): peak = 1902.484 ; gain = 4.980
Phase 2.4 Global Placement Core | Checksum: 1fdb2799c

Time (s): cpu = 00:00:06 ; elapsed = 00:00:12 . Memory (MB): peak = 1902.484 ; gain = 4.980
Phase 2 Global Placement | Checksum: 1fdb2799c

Time (s): cpu = 00:00:06 ; elapsed = 00:00:12 . Memory (MB): peak = 1902.484 ; gain = 4.980

Phase 3 Detail Placement

Phase 3.1 Commit Multi Column Macros
Phase 3.1 Commit Multi Column Macros | Checksum: 2767c39d5

Time (s): cpu = 00:00:07 ; elapsed = 00:00:12 . Memory (MB): peak = 1902.484 ; gain = 4.980

Phase 3.2 Commit Most Macros & LUTRAMs
Phase 3.2 Commit Most Macros & LUTRAMs | Checksum: 254267351

Time (s): cpu = 00:00:07 ; elapsed = 00:00:13 . Memory (MB): peak = 1902.484 ; gain = 4.980

Phase 3.3 Area Swap Optimization
Phase 3.3 Area Swap Optimization | Checksum: 1ef666abf

Time (s): cpu = 00:00:07 ; elapsed = 00:00:13 . Memory (MB): peak = 1902.484 ; gain = 4.980

Phase 3.4 Pipeline Register Optimization
Phase 3.4 Pipeline Register Optimization | Checksum: 20e0be17e

Time (s): cpu = 00:00:07 ; elapsed = 00:00:13 . Memory (MB): peak = 1902.484 ; gain = 4.980

Phase 3.5 Small Shape Detail Placement
Phase 3.5 Small Shape Detail Placement | Checksum: 28406cd62

Time (s): cpu = 00:00:09 ; elapsed = 00:00:18 . Memory (MB): peak = 1902.484 ; gain = 4.980

Phase 3.6 Re-assign LUT pins
Phase 3.6 Re-assign LUT pins | Checksum: 21e922146

Time (s): cpu = 00:00:10 ; elapsed = 00:00:19 . Memory (MB): peak = 1902.484 ; gain = 4.980

Phase 3.7 Pipeline Register Optimization
Phase 3.7 Pipeline Register Optimization | Checksum: 1fde59c23

Time (s): cpu = 00:00:10 ; elapsed = 00:00:19 . Memory (MB): peak = 1902.484 ; gain = 4.980
Phase 3 Detail Placement | Checksum: 1fde59c23

Time (s): cpu = 00:00:10 ; elapsed = 00:00:19 . Memory (MB): peak = 1902.484 ; gain = 4.980

Phase 4 Post Placement Optimization and Clean-Up

Phase 4.1 Post Commit Optimization
INFO: [Timing 38-35] Done setting XDC timing constraints.

Phase 4.1.1 Post Placement Optimization
Post Placement Optimization Initialization | Checksum: 13167585a

Phase 4.1.1.1 BUFG Insertion

Starting Physical Synthesis Task

Phase 1 Physical Synthesis Initialization
INFO: [Physopt 32-721] Multithreading enabled for phys_opt_design using a maximum of 2 CPUs
INFO: [Physopt 32-619] Estimated Timing Summary | WNS=5.443 | TNS=0.000 |
Phase 1 Physical Synthesis Initialization | Checksum: 1243977aa

Time (s): cpu = 00:00:00 ; elapsed = 00:00:00.365 . Memory (MB): peak = 1934.559 ; gain = 0.000
INFO: [Place 46-56] BUFG insertion identified 0 candidate nets. Inserted BUFG: 0, Replicated BUFG Driver: 0, Skipped due to Placement/Routing Conflicts: 0, Skipped due to Timing Degradation: 0, Skipped due to netlist editing failed: 0.
Ending Physical Synthesis Task | Checksum: 1243977aa

Time (s): cpu = 00:00:00 ; elapsed = 00:00:00.792 . Memory (MB): peak = 1934.559 ; gain = 0.000
Phase 4.1.1.1 BUFG Insertion | Checksum: 13167585a

Time (s): cpu = 00:00:12 ; elapsed = 00:00:23 . Memory (MB): peak = 1934.559 ; gain = 37.055

Phase 4.1.1.2 Post Placement Timing Optimization
INFO: [Place 30-746] Post Placement Timing Summary WNS=5.443. For the most accurate timing information please run report_timing.
Phase 4.1.1.2 Post Placement Timing Optimization | Checksum: 10f769565

Time (s): cpu = 00:00:13 ; elapsed = 00:00:23 . Memory (MB): peak = 1934.559 ; gain = 37.055

Time (s): cpu = 00:00:13 ; elapsed = 00:00:23 . Memory (MB): peak = 1934.559 ; gain = 37.055
Phase 4.1 Post Commit Optimization | Checksum: 10f769565

Time (s): cpu = 00:00:13 ; elapsed = 00:00:23 . Memory (MB): peak = 1934.559 ; gain = 37.055

Phase 4.2 Post Placement Cleanup
Phase 4.2 Post Placement Cleanup | Checksum: 10f769565

Time (s): cpu = 00:00:13 ; elapsed = 00:00:24 . Memory (MB): peak = 1934.559 ; gain = 37.055

Phase 4.3 Placer Reporting

Phase 4.3.1 Print Estimated Congestion
INFO: [Place 30-612] Post-Placement Estimated Congestion 
 ____________________________________________________
|           | Global Congestion | Short Congestion  |
| Direction | Region Size       | Region Size       |
|___________|___________________|___________________|
|      North|                1x1|                1x1|
|___________|___________________|___________________|
|      South|                1x1|                1x1|
|___________|___________________|___________________|
|       East|                1x1|                1x1|
|___________|___________________|___________________|
|       West|                1x1|                1x1|
|___________|___________________|___________________|

Phase 4.3.1 Print Estimated Congestion | Checksum: 10f769565

Time (s): cpu = 00:00:13 ; elapsed = 00:00:24 . Memory (MB): peak = 1934.559 ; gain = 37.055
Phase 4.3 Placer Reporting | Checksum: 10f769565

Time (s): cpu = 00:00:13 ; elapsed = 00:00:24 . Memory (MB): peak = 1934.559 ; gain = 37.055

Phase 4.4 Final Placement Cleanup
Netlist sorting complete. Time (s): cpu = 00:00:00 ; elapsed = 00:00:00.005 . Memory (MB): peak = 1934.559 ; gain = 0.000

Time (s): cpu = 00:00:13 ; elapsed = 00:00:24 . Memory (MB): peak = 1934.559 ; gain = 37.055
Phase 4 Post Placement Optimization and Clean-Up | Checksum: 19f1bf269

Time (s): cpu = 00:00:13 ; elapsed = 00:00:24 . Memory (MB): peak = 1934.559 ; gain = 37.055
Ending Placer Task | Checksum: 18689db48

Time (s): cpu = 00:00:13 ; elapsed = 00:00:24 . Memory (MB): peak = 1934.559 ; gain = 37.055
INFO: [Common 17-83] Releasing license: Implementation
61 Infos, 75 Warnings, 74 Critical Warnings and 0 Errors encountered.
place_design completed successfully
place_design: Time (s): cpu = 00:00:15 ; elapsed = 00:00:25 . Memory (MB): peak = 1934.559 ; gain = 37.055
INFO: [runtcl-4] Executing : report_io -file vga_test_io_placed.rpt
report_io: Time (s): cpu = 00:00:00 ; elapsed = 00:00:00.059 . Memory (MB): peak = 1934.559 ; gain = 0.000
INFO: [runtcl-4] Executing : report_utilization -file vga_test_utilization_placed.rpt -pb vga_test_utilization_placed.pb
INFO: [runtcl-4] Executing : report_control_sets -verbose -file vga_test_control_sets_placed.rpt
report_control_sets: Time (s): cpu = 00:00:00 ; elapsed = 00:00:00.005 . Memory (MB): peak = 1934.559 ; gain = 0.000
INFO: [Timing 38-480] Writing timing data to binary archive.
Writing XDEF routing.
Writing XDEF routing logical nets.
Writing XDEF routing special nets.
Write XDEF Complete: Time (s): cpu = 00:00:02 ; elapsed = 00:00:02 . Memory (MB): peak = 1955.762 ; gain = 21.203
INFO: [Common 17-1381] The checkpoint 'C:/Users/Tawatwee/Desktop/Hardware Syn Lab/Finalproject/2PlayerPong-HWLAB/2PlayerPong-HWLAB.runs/impl_1/vga_test_placed.dcp' has been generated.
Command: phys_opt_design
Attempting to get a license for feature 'Implementation' and/or device 'xc7a35t'
INFO: [Common 17-349] Got license for feature 'Implementation' and/or device 'xc7a35t'

Starting Initial Update Timing Task

Time (s): cpu = 00:00:02 ; elapsed = 00:00:02 . Memory (MB): peak = 1973.648 ; gain = 17.887
INFO: [Vivado_Tcl 4-383] Design worst setup slack (WNS) is greater than or equal to 0.000 ns. Skipping all physical synthesis optimizations.
INFO: [Vivado_Tcl 4-232] No setup violation found. The netlist was not modified.
INFO: [Common 17-83] Releasing license: Implementation
70 Infos, 75 Warnings, 74 Critical Warnings and 0 Errors encountered.
phys_opt_design completed successfully
INFO: [Timing 38-480] Writing timing data to binary archive.
Writing XDEF routing.
Writing XDEF routing logical nets.
Writing XDEF routing special nets.
Write XDEF Complete: Time (s): cpu = 00:00:02 ; elapsed = 00:00:02 . Memory (MB): peak = 2000.898 ; gain = 23.199
INFO: [Common 17-1381] The checkpoint 'C:/Users/Tawatwee/Desktop/Hardware Syn Lab/Finalproject/2PlayerPong-HWLAB/2PlayerPong-HWLAB.runs/impl_1/vga_test_physopt.dcp' has been generated.
Command: route_design
Attempting to get a license for feature 'Implementation' and/or device 'xc7a35t'
INFO: [Common 17-349] Got license for feature 'Implementation' and/or device 'xc7a35t'
Running DRC as a precondition to command route_design
INFO: [DRC 23-27] Running DRC with 2 threads
INFO: [Vivado_Tcl 4-198] DRC finished with 0 Errors
INFO: [Vivado_Tcl 4-199] Please refer to the DRC report (report_drc) for more information.


Starting Routing Task
INFO: [Route 35-254] Multithreading enabled for route_design using a maximum of 2 CPUs

Phase 1 Build RT Design
Checksum: PlaceDB: 87a58262 ConstDB: 0 ShapeSum: fee458e6 RouteDB: 0
Post Restoration Checksum: NetGraph: 7c000aff | NumContArr: 107b106a | Constraints: 190a55ad | Timing: 0
Phase 1 Build RT Design | Checksum: a5857116

Time (s): cpu = 00:00:17 ; elapsed = 00:00:29 . Memory (MB): peak = 2115.098 ; gain = 93.754

Phase 2 Router Initialization

Phase 2.1 Fix Topology Constraints
Phase 2.1 Fix Topology Constraints | Checksum: a5857116

Time (s): cpu = 00:00:18 ; elapsed = 00:00:29 . Memory (MB): peak = 2115.098 ; gain = 93.754

Phase 2.2 Pre Route Cleanup
Phase 2.2 Pre Route Cleanup | Checksum: a5857116

Time (s): cpu = 00:00:18 ; elapsed = 00:00:29 . Memory (MB): peak = 2115.098 ; gain = 93.754
 Number of Nodes with overlaps = 0

Phase 2.3 Update Timing
Phase 2.3 Update Timing | Checksum: 298e30d91

Time (s): cpu = 00:00:20 ; elapsed = 00:00:33 . Memory (MB): peak = 2122.113 ; gain = 100.770
INFO: [Route 35-416] Intermediate Timing Summary | WNS=5.476  | TNS=0.000  | WHS=-0.113 | THS=-0.922 |


Router Utilization Summary
  Global Vertical Routing Utilization    = 0 %
  Global Horizontal Routing Utilization  = 0 %
  Routable Net Status*
  *Does not include unroutable nets such as driverless and loadless.
  Run report_route_status for detailed report.
  Number of Failed Nets               = 5934
    (Failed Nets is the sum of unrouted and partially routed nets)
  Number of Unrouted Nets             = 5934
  Number of Partially Routed Nets     = 0
  Number of Node Overlaps             = 0

Phase 2 Router Initialization | Checksum: 1af66dbf6

Time (s): cpu = 00:00:21 ; elapsed = 00:00:35 . Memory (MB): peak = 2138.340 ; gain = 116.996

Phase 3 Initial Routing

Phase 3.1 Global Routing
Phase 3.1 Global Routing | Checksum: 1af66dbf6

Time (s): cpu = 00:00:21 ; elapsed = 00:00:35 . Memory (MB): peak = 2138.340 ; gain = 116.996
Phase 3 Initial Routing | Checksum: 13d8487c2

Time (s): cpu = 00:00:33 ; elapsed = 00:00:46 . Memory (MB): peak = 2195.070 ; gain = 173.727

Phase 4 Rip-up And Reroute

Phase 4.1 Global Iteration 0
 Number of Nodes with overlaps = 8580
 Number of Nodes with overlaps = 109
 Number of Nodes with overlaps = 0
INFO: [Route 35-416] Intermediate Timing Summary | WNS=5.287  | TNS=0.000  | WHS=N/A    | THS=N/A    |

Phase 4.1 Global Iteration 0 | Checksum: 1dc89b467

Time (s): cpu = 00:00:40 ; elapsed = 00:00:58 . Memory (MB): peak = 2195.070 ; gain = 173.727
Phase 4 Rip-up And Reroute | Checksum: 1dc89b467

Time (s): cpu = 00:00:41 ; elapsed = 00:00:58 . Memory (MB): peak = 2195.070 ; gain = 173.727

Phase 5 Delay and Skew Optimization

Phase 5.1 Delay CleanUp

Phase 5.1.1 Update Timing
Phase 5.1.1 Update Timing | Checksum: 16ad50a0b

Time (s): cpu = 00:00:41 ; elapsed = 00:00:58 . Memory (MB): peak = 2195.070 ; gain = 173.727
INFO: [Route 35-416] Intermediate Timing Summary | WNS=5.380  | TNS=0.000  | WHS=N/A    | THS=N/A    |

Phase 5.1 Delay CleanUp | Checksum: 16ad50a0b

Time (s): cpu = 00:00:41 ; elapsed = 00:00:58 . Memory (MB): peak = 2195.070 ; gain = 173.727

Phase 5.2 Clock Skew Optimization
Phase 5.2 Clock Skew Optimization | Checksum: 16ad50a0b

Time (s): cpu = 00:00:41 ; elapsed = 00:00:58 . Memory (MB): peak = 2195.070 ; gain = 173.727
Phase 5 Delay and Skew Optimization | Checksum: 16ad50a0b

Time (s): cpu = 00:00:41 ; elapsed = 00:00:58 . Memory (MB): peak = 2195.070 ; gain = 173.727

Phase 6 Post Hold Fix

Phase 6.1 Hold Fix Iter

Phase 6.1.1 Update Timing
Phase 6.1.1 Update Timing | Checksum: 1445b00e3

Time (s): cpu = 00:00:41 ; elapsed = 00:00:59 . Memory (MB): peak = 2195.070 ; gain = 173.727
INFO: [Route 35-416] Intermediate Timing Summary | WNS=5.380  | TNS=0.000  | WHS=0.160  | THS=0.000  |

Phase 6.1 Hold Fix Iter | Checksum: 1436786d8

Time (s): cpu = 00:00:41 ; elapsed = 00:00:59 . Memory (MB): peak = 2195.070 ; gain = 173.727
Phase 6 Post Hold Fix | Checksum: 1436786d8

Time (s): cpu = 00:00:41 ; elapsed = 00:00:59 . Memory (MB): peak = 2195.070 ; gain = 173.727

Phase 7 Route finalize

Router Utilization Summary
  Global Vertical Routing Utilization    = 5.08451 %
  Global Horizontal Routing Utilization  = 6.16489 %
  Routable Net Status*
  *Does not include unroutable nets such as driverless and loadless.
  Run report_route_status for detailed report.
  Number of Failed Nets               = 0
    (Failed Nets is the sum of unrouted and partially routed nets)
  Number of Unrouted Nets             = 0
  Number of Partially Routed Nets     = 0
  Number of Node Overlaps             = 0

Phase 7 Route finalize | Checksum: 135f1da74

Time (s): cpu = 00:00:41 ; elapsed = 00:00:59 . Memory (MB): peak = 2195.070 ; gain = 173.727

Phase 8 Verifying routed nets

 Verification completed successfully
Phase 8 Verifying routed nets | Checksum: 135f1da74

Time (s): cpu = 00:00:41 ; elapsed = 00:00:59 . Memory (MB): peak = 2195.070 ; gain = 173.727

Phase 9 Depositing Routes
Phase 9 Depositing Routes | Checksum: 15cd4bd27

Time (s): cpu = 00:00:42 ; elapsed = 00:01:01 . Memory (MB): peak = 2195.070 ; gain = 173.727

Phase 10 Post Router Timing
INFO: [Route 35-57] Estimated Timing Summary | WNS=5.380  | TNS=0.000  | WHS=0.160  | THS=0.000  |

INFO: [Route 35-327] The final timing numbers are based on the router estimated timing analysis. For a complete and accurate timing signoff, please run report_timing_summary.
Phase 10 Post Router Timing | Checksum: 15cd4bd27

Time (s): cpu = 00:00:43 ; elapsed = 00:01:01 . Memory (MB): peak = 2195.070 ; gain = 173.727
INFO: [Route 35-16] Router Completed Successfully

Phase 11 Post-Route Event Processing
Phase 11 Post-Route Event Processing | Checksum: 187819698

Time (s): cpu = 00:00:43 ; elapsed = 00:01:01 . Memory (MB): peak = 2195.070 ; gain = 173.727

Time (s): cpu = 00:00:43 ; elapsed = 00:01:01 . Memory (MB): peak = 2195.070 ; gain = 173.727

Routing Is Done.
INFO: [Common 17-83] Releasing license: Implementation
85 Infos, 75 Warnings, 74 Critical Warnings and 0 Errors encountered.
route_design completed successfully
route_design: Time (s): cpu = 00:00:46 ; elapsed = 00:01:04 . Memory (MB): peak = 2195.070 ; gain = 194.172
INFO: [runtcl-4] Executing : report_drc -file vga_test_drc_routed.rpt -pb vga_test_drc_routed.pb -rpx vga_test_drc_routed.rpx
Command: report_drc -file vga_test_drc_routed.rpt -pb vga_test_drc_routed.pb -rpx vga_test_drc_routed.rpx
INFO: [IP_Flow 19-1839] IP Catalog is up to date.
INFO: [DRC 23-27] Running DRC with 2 threads
INFO: [Vivado_Tcl 2-168] The results of DRC are in file C:/Users/Tawatwee/Desktop/Hardware Syn Lab/Finalproject/2PlayerPong-HWLAB/2PlayerPong-HWLAB.runs/impl_1/vga_test_drc_routed.rpt.
report_drc completed successfully
INFO: [runtcl-4] Executing : report_methodology -file vga_test_methodology_drc_routed.rpt -pb vga_test_methodology_drc_routed.pb -rpx vga_test_methodology_drc_routed.rpx
Command: report_methodology -file vga_test_methodology_drc_routed.rpt -pb vga_test_methodology_drc_routed.pb -rpx vga_test_methodology_drc_routed.rpx
INFO: [Timing 38-35] Done setting XDC timing constraints.
INFO: [DRC 23-133] Running Methodology with 2 threads
INFO: [Vivado_Tcl 2-1520] The results of Report Methodology are in file C:/Users/Tawatwee/Desktop/Hardware Syn Lab/Finalproject/2PlayerPong-HWLAB/2PlayerPong-HWLAB.runs/impl_1/vga_test_methodology_drc_routed.rpt.
report_methodology completed successfully
report_methodology: Time (s): cpu = 00:00:05 ; elapsed = 00:00:06 . Memory (MB): peak = 2229.211 ; gain = 34.141
INFO: [runtcl-4] Executing : report_power -file vga_test_power_routed.rpt -pb vga_test_power_summary_routed.pb -rpx vga_test_power_routed.rpx
Command: report_power -file vga_test_power_routed.rpt -pb vga_test_power_summary_routed.pb -rpx vga_test_power_routed.rpx
INFO: [Timing 38-35] Done setting XDC timing constraints.
Running Vector-less Activity Propagation...

Finished Running Vector-less Activity Propagation
95 Infos, 75 Warnings, 74 Critical Warnings and 0 Errors encountered.
report_power completed successfully
report_power: Time (s): cpu = 00:00:05 ; elapsed = 00:00:05 . Memory (MB): peak = 2242.250 ; gain = 13.039
INFO: [runtcl-4] Executing : report_route_status -file vga_test_route_status.rpt -pb vga_test_route_status.pb
INFO: [runtcl-4] Executing : report_timing_summary -max_paths 10 -report_unconstrained -file vga_test_timing_summary_routed.rpt -pb vga_test_timing_summary_routed.pb -rpx vga_test_timing_summary_routed.rpx -warn_on_violation 
INFO: [Timing 38-91] UpdateTimingParams: Speed grade: -1, Delay Type: min_max.
INFO: [Timing 38-191] Multithreading enabled for timing update using a maximum of 2 CPUs
INFO: [runtcl-4] Executing : report_incremental_reuse -file vga_test_incremental_reuse_routed.rpt
INFO: [Vivado_Tcl 4-1062] Incremental flow is disabled. No incremental reuse Info to report.
INFO: [runtcl-4] Executing : report_clock_utilization -file vga_test_clock_utilization_routed.rpt
INFO: [runtcl-4] Executing : report_bus_skew -warn_on_violation -file vga_test_bus_skew_routed.rpt -pb vga_test_bus_skew_routed.pb -rpx vga_test_bus_skew_routed.rpx
INFO: [Timing 38-91] UpdateTimingParams: Speed grade: -1, Delay Type: min_max.
INFO: [Timing 38-191] Multithreading enabled for timing update using a maximum of 2 CPUs
INFO: [Timing 38-480] Writing timing data to binary archive.
Writing XDEF routing.
Writing XDEF routing logical nets.
Writing XDEF routing special nets.
Write XDEF Complete: Time (s): cpu = 00:00:02 ; elapsed = 00:00:02 . Memory (MB): peak = 2243.340 ; gain = 1.090
INFO: [Common 17-1381] The checkpoint 'C:/Users/Tawatwee/Desktop/Hardware Syn Lab/Finalproject/2PlayerPong-HWLAB/2PlayerPong-HWLAB.runs/impl_1/vga_test_routed.dcp' has been generated.
Command: write_bitstream -force vga_test.bit
Attempting to get a license for feature 'Implementation' and/or device 'xc7a35t'
INFO: [Common 17-349] Got license for feature 'Implementation' and/or device 'xc7a35t'
Running DRC as a precondition to command write_bitstream
INFO: [IP_Flow 19-1839] IP Catalog is up to date.
INFO: [DRC 23-27] Running DRC with 2 threads
WARNING: [DRC DPIP-1] Input pipelining: DSP controller/gen/bg_rgb2 input controller/gen/bg_rgb2/A[29:0] is not pipelined. Pipelining DSP48 input will improve performance.
WARNING: [DRC DPIP-1] Input pipelining: DSP controller/gen/bg_rgb2 input controller/gen/bg_rgb2/C[47:0] is not pipelined. Pipelining DSP48 input will improve performance.
WARNING: [DRC DPOP-1] PREG Output pipelining: DSP controller/gen/bg_rgb2 output controller/gen/bg_rgb2/P[47:0] is not pipelined (PREG=0). Pipelining the DSP48 output will improve performance and often saves power so it is suggested whenever possible to fully pipeline this function.  If this DSP48 function was inferred, it is suggested to describe an additional register stage after this function.  If the DSP48 was instantiated in the design, it is suggested to set the PREG attribute to 1.
WARNING: [DRC DPOP-2] MREG Output pipelining: DSP controller/gen/bg_rgb2 multiplier stage controller/gen/bg_rgb2/P[47:0] is not pipelined (MREG=0). Pipelining the multiplier function will improve performance and will save significant power so it is suggested whenever possible to fully pipeline this function.  If this multiplier was inferred, it is suggested to describe an additional register stage after this function.  If there is no registered adder/accumulator following the multiply function, two pipeline stages are suggested to allow both the MREG and PREG registers to be used.  If the DSP48 was instantiated in the design, it is suggested to set both the MREG and PREG attributes to 1 when performing multiply functions.
INFO: [Vivado 12-3199] DRC finished with 0 Errors, 4 Warnings
INFO: [Vivado 12-3200] Please refer to the DRC report (report_drc) for more information.
INFO: [Designutils 20-2272] Running write_bitstream with 2 threads.
Loading data files...
Loading site data...
Loading route data...
Processing options...
Creating bitmap...
Creating bitstream...
Writing bitstream ./vga_test.bit...
INFO: [Vivado 12-1842] Bitgen Completed Successfully.
INFO: [Project 1-1876] WebTalk data collection is mandatory when using a ULT device. To see the specific WebTalk data collected for your design, open the usage_statistics_webtalk.html or usage_statistics_webtalk.xml file in the implementation directory.
INFO: [Common 17-83] Releasing license: Implementation
14 Infos, 4 Warnings, 0 Critical Warnings and 0 Errors encountered.
write_bitstream completed successfully
write_bitstream: Time (s): cpu = 00:00:18 ; elapsed = 00:00:24 . Memory (MB): peak = 2773.145 ; gain = 529.805
INFO: [Common 17-206] Exiting Vivado at Tue Nov  7 22:49:59 2023...
